[ 2018-04-15T21:28:09+08:00 ] 223.104.105.223 /xcx/
INFO: [ app_init ] --START--
INFO: Run Behavior\BuildLiteBehavior [ RunTime:0.000028s ]
INFO: [ app_init ] --END-- [ RunTime:0.000459s ]
INFO: [ app_begin ] --START--
INFO: Run Behavior\ReadHtmlCacheBehavior [ RunTime:0.000518s ]
INFO: [ app_begin ] --END-- [ RunTime:0.000664s ]
NOTIC: [8192] mysql_connect(): The mysql extension is deprecated and will be removed in the future: use mysqli or PDO instead C:\wamp\www\ThinkPHP\Library\Think\Db\Driver\Mysql.class.php 第 52 行.
ERR: Unknown database 'xcx'

[ 2018-04-15T21:28:31+08:00 ] 223.104.105.223 /xcx/home/index/update
INFO: [ app_init ] --START--
INFO: Run Behavior\BuildLiteBehavior [ RunTime:0.000062s ]
INFO: [ app_init ] --END-- [ RunTime:0.000452s ]
INFO: [ app_begin ] --START--
INFO: Run Behavior\ReadHtmlCacheBehavior [ RunTime:0.000551s ]
INFO: [ app_begin ] --END-- [ RunTime:0.000712s ]
NOTIC: [8192] mysql_connect(): The mysql extension is deprecated and will be removed in the future: use mysqli or PDO instead C:\wamp\www\ThinkPHP\Library\Think\Db\Driver\Mysql.class.php 第 52 行.
ERR: Unknown database 'xcx'

[ 2018-04-15T21:29:09+08:00 ] 223.104.105.223 /xcx/home/index/update
INFO: [ app_init ] --START--
INFO: Run Behavior\BuildLiteBehavior [ RunTime:0.000028s ]
INFO: [ app_init ] --END-- [ RunTime:0.000422s ]
INFO: [ app_begin ] --START--
INFO: Run Behavior\ReadHtmlCacheBehavior [ RunTime:0.000721s ]
INFO: [ app_begin ] --END-- [ RunTime:0.000860s ]
NOTIC: [8192] mysql_connect(): The mysql extension is deprecated and will be removed in the future: use mysqli or PDO instead C:\wamp\www\ThinkPHP\Library\Think\Db\Driver\Mysql.class.php 第 52 行.
ERR: Unknown database 'xcx'

[ 2018-04-15T21:30:10+08:00 ] 122.206.190.18 /xcx/
INFO: [ app_init ] --START--
INFO: Run Behavior\BuildLiteBehavior [ RunTime:0.000028s ]
INFO: [ app_init ] --END-- [ RunTime:0.000417s ]
INFO: [ app_begin ] --START--
INFO: Run Behavior\ReadHtmlCacheBehavior [ RunTime:0.000532s ]
INFO: [ app_begin ] --END-- [ RunTime:0.000669s ]
NOTIC: [8192] mysql_connect(): The mysql extension is deprecated and will be removed in the future: use mysqli or PDO instead C:\wamp\www\ThinkPHP\Library\Think\Db\Driver\Mysql.class.php 第 52 行.
ERR: Unknown database 'xcx'

[ 2018-04-15T21:35:12+08:00 ] 122.206.190.18 /xcx/
INFO: [ app_init ] --START--
INFO: Run Behavior\BuildLiteBehavior [ RunTime:0.000039s ]
INFO: [ app_init ] --END-- [ RunTime:0.000434s ]
INFO: [ app_begin ] --START--
INFO: Run Behavior\ReadHtmlCacheBehavior [ RunTime:0.000520s ]
INFO: [ app_begin ] --END-- [ RunTime:0.000655s ]
NOTIC: [8192] mysql_connect(): The mysql extension is deprecated and will be removed in the future: use mysqli or PDO instead C:\wamp\www\ThinkPHP\Library\Think\Db\Driver\Mysql.class.php 第 52 行.
SQL: SHOW COLUMNS FROM `message` [ RunTime:0.190017s ]
ERR: 1146:Table 'xcx.message' doesn't exist
 [ SQL语句 ] : SHOW COLUMNS FROM `message`
SQL: SELECT Message.message_id AS message_id,Message.content AS content FROM message Message  [ RunTime:0.000301s ]
ERR: 1146:Table 'xcx.message' doesn't exist
 [ SQL语句 ] : SELECT Message.message_id AS message_id,Message.content AS content FROM message Message 
INFO: [ app_end ] --START--
INFO: Run Behavior\ShowPageTraceBehavior [ RunTime:0.003978s ]
INFO: [ app_end ] --END-- [ RunTime:0.004141s ]

[ 2018-04-15T21:35:39+08:00 ] 223.104.105.223 /xcx/
INFO: [ app_init ] --START--
INFO: Run Behavior\BuildLiteBehavior [ RunTime:0.000027s ]
INFO: [ app_init ] --END-- [ RunTime:0.000439s ]
INFO: [ app_begin ] --START--
INFO: Run Behavior\ReadHtmlCacheBehavior [ RunTime:0.000590s ]
INFO: [ app_begin ] --END-- [ RunTime:0.000729s ]
NOTIC: [8192] mysql_connect(): The mysql extension is deprecated and will be removed in the future: use mysqli or PDO instead C:\wamp\www\ThinkPHP\Library\Think\Db\Driver\Mysql.class.php 第 52 行.
SQL: SHOW COLUMNS FROM `message` [ RunTime:0.001082s ]
ERR: 1146:Table 'xcx.message' doesn't exist
 [ SQL语句 ] : SHOW COLUMNS FROM `message`
SQL: SELECT Message.message_id AS message_id,Message.content AS content FROM message Message  [ RunTime:0.000225s ]
ERR: 1146:Table 'xcx.message' doesn't exist
 [ SQL语句 ] : SELECT Message.message_id AS message_id,Message.content AS content FROM message Message 
INFO: [ app_end ] --START--
INFO: Run Behavior\ShowPageTraceBehavior [ RunTime:0.000632s ]
INFO: [ app_end ] --END-- [ RunTime:0.000760s ]

[ 2018-04-15T21:35:46+08:00 ] 223.104.105.223 /xcx/home/index/update
INFO: [ app_init ] --START--
INFO: Run Behavior\BuildLiteBehavior [ RunTime:0.000028s ]
INFO: [ app_init ] --END-- [ RunTime:0.000456s ]
INFO: [ app_begin ] --START--
INFO: Run Behavior\ReadHtmlCacheBehavior [ RunTime:0.000564s ]
INFO: [ app_begin ] --END-- [ RunTime:0.000710s ]
NOTIC: [8192] mysql_connect(): The mysql extension is deprecated and will be removed in the future: use mysqli or PDO instead C:\wamp\www\ThinkPHP\Library\Think\Db\Driver\Mysql.class.php 第 52 行.
SQL: SHOW COLUMNS FROM `message` [ RunTime:0.001178s ]
ERR: 1146:Table 'xcx.message' doesn't exist
 [ SQL语句 ] : SHOW COLUMNS FROM `message`
NOTIC: [2] in_array() expects parameter 2 to be array, boolean given C:\wamp\www\ThinkPHP\Library\Think\Model.class.php 第 906 行.
NOTIC: [2] in_array() expects parameter 2 to be array, boolean given C:\wamp\www\ThinkPHP\Library\Think\Model.class.php 第 906 行.

[ 2018-04-15T21:38:23+08:00 ] 122.206.190.18 /xcx/
INFO: [ app_init ] --START--
INFO: Run Behavior\BuildLiteBehavior [ RunTime:0.000027s ]
INFO: [ app_init ] --END-- [ RunTime:0.000413s ]
INFO: [ app_begin ] --START--
INFO: Run Behavior\ReadHtmlCacheBehavior [ RunTime:0.000553s ]
INFO: [ app_begin ] --END-- [ RunTime:0.000693s ]
NOTIC: [8192] mysql_connect(): The mysql extension is deprecated and will be removed in the future: use mysqli or PDO instead C:\wamp\www\ThinkPHP\Library\Think\Db\Driver\Mysql.class.php 第 52 行.
SQL: SHOW COLUMNS FROM `message` [ RunTime:0.002754s ]
ERR: 1146:Table 'xcx.message' doesn't exist
 [ SQL语句 ] : SHOW COLUMNS FROM `message`
SQL: SELECT Message.message_id AS message_id,Message.content AS content FROM message Message  [ RunTime:0.000228s ]
ERR: 1146:Table 'xcx.message' doesn't exist
 [ SQL语句 ] : SELECT Message.message_id AS message_id,Message.content AS content FROM message Message 
INFO: [ app_end ] --START--
INFO: Run Behavior\ShowPageTraceBehavior [ RunTime:0.000896s ]
INFO: [ app_end ] --END-- [ RunTime:0.001027s ]

[ 2018-04-15T21:38:24+08:00 ] 122.206.190.18 /xcx/
INFO: [ app_init ] --START--
INFO: Run Behavior\BuildLiteBehavior [ RunTime:0.000027s ]
INFO: [ app_init ] --END-- [ RunTime:0.000428s ]
INFO: [ app_begin ] --START--
INFO: Run Behavior\ReadHtmlCacheBehavior [ RunTime:0.000529s ]
INFO: [ app_begin ] --END-- [ RunTime:0.000663s ]
NOTIC: [8192] mysql_connect(): The mysql extension is deprecated and will be removed in the future: use mysqli or PDO instead C:\wamp\www\ThinkPHP\Library\Think\Db\Driver\Mysql.class.php 第 52 行.
SQL: SHOW COLUMNS FROM `message` [ RunTime:0.001075s ]
ERR: 1146:Table 'xcx.message' doesn't exist
 [ SQL语句 ] : SHOW COLUMNS FROM `message`
SQL: SELECT Message.message_id AS message_id,Message.content AS content FROM message Message  [ RunTime:0.000233s ]
ERR: 1146:Table 'xcx.message' doesn't exist
 [ SQL语句 ] : SELECT Message.message_id AS message_id,Message.content AS content FROM message Message 
INFO: [ app_end ] --START--
INFO: Run Behavior\ShowPageTraceBehavior [ RunTime:0.000631s ]
INFO: [ app_end ] --END-- [ RunTime:0.000760s ]

[ 2018-04-15T21:38:26+08:00 ] 122.206.190.18 /xcx/
INFO: [ app_init ] --START--
INFO: Run Behavior\BuildLiteBehavior [ RunTime:0.000027s ]
INFO: [ app_init ] --END-- [ RunTime:0.000415s ]
INFO: [ app_begin ] --START--
INFO: Run Behavior\ReadHtmlCacheBehavior [ RunTime:0.000558s ]
INFO: [ app_begin ] --END-- [ RunTime:0.000702s ]
NOTIC: [8192] mysql_connect(): The mysql extension is deprecated and will be removed in the future: use mysqli or PDO instead C:\wamp\www\ThinkPHP\Library\Think\Db\Driver\Mysql.class.php 第 52 行.
SQL: SHOW COLUMNS FROM `message` [ RunTime:0.002648s ]
ERR: 1146:Table 'xcx.message' doesn't exist
 [ SQL语句 ] : SHOW COLUMNS FROM `message`
SQL: SELECT Message.message_id AS message_id,Message.content AS content FROM message Message  [ RunTime:0.000239s ]
ERR: 1146:Table 'xcx.message' doesn't exist
 [ SQL语句 ] : SELECT Message.message_id AS message_id,Message.content AS content FROM message Message 
INFO: [ app_end ] --START--
INFO: Run Behavior\ShowPageTraceBehavior [ RunTime:0.000590s ]
INFO: [ app_end ] --END-- [ RunTime:0.000764s ]

[ 2018-04-15T21:44:29+08:00 ] 122.206.190.18 /xcx/home/index/update
INFO: [ app_init ] --START--
INFO: Run Behavior\BuildLiteBehavior [ RunTime:0.000028s ]
INFO: [ app_init ] --END-- [ RunTime:0.000428s ]
INFO: [ app_begin ] --START--
INFO: Run Behavior\ReadHtmlCacheBehavior [ RunTime:0.000537s ]
INFO: [ app_begin ] --END-- [ RunTime:0.000674s ]
INFO: [ app_end ] --START--
INFO: Run Behavior\ShowPageTraceBehavior [ RunTime:0.000576s ]
INFO: [ app_end ] --END-- [ RunTime:0.000710s ]

[ 2018-04-15T21:44:31+08:00 ] 122.206.190.18 /xcx/home/index/update
INFO: [ app_init ] --START--
INFO: Run Behavior\BuildLiteBehavior [ RunTime:0.000029s ]
INFO: [ app_init ] --END-- [ RunTime:0.000424s ]
INFO: [ app_begin ] --START--
INFO: Run Behavior\ReadHtmlCacheBehavior [ RunTime:0.000544s ]
INFO: [ app_begin ] --END-- [ RunTime:0.000681s ]
INFO: [ app_end ] --START--
INFO: Run Behavior\ShowPageTraceBehavior [ RunTime:0.000547s ]
INFO: [ app_end ] --END-- [ RunTime:0.000682s ]

[ 2018-04-15T21:45:06+08:00 ] 122.206.190.18 /xcx/home/index/update
INFO: [ app_init ] --START--
INFO: Run Behavior\BuildLiteBehavior [ RunTime:0.000027s ]
INFO: [ app_init ] --END-- [ RunTime:0.000431s ]
INFO: [ app_begin ] --START--
INFO: Run Behavior\ReadHtmlCacheBehavior [ RunTime:0.000530s ]
INFO: [ app_begin ] --END-- [ RunTime:0.000666s ]
NOTIC: [2] in_array() expects parameter 2 to be array, boolean given C:\wamp\www\ThinkPHP\Library\Think\Model.class.php 第 906 行.
NOTIC: [2] in_array() expects parameter 2 to be array, boolean given C:\wamp\www\ThinkPHP\Library\Think\Model.class.php 第 906 行.

[ 2018-04-15T21:58:50+08:00 ] 122.206.190.18 /xcx/home/index/update
INFO: [ app_init ] --START--
INFO: Run Behavior\BuildLiteBehavior [ RunTime:0.000028s ]
INFO: [ app_init ] --END-- [ RunTime:0.000437s ]
INFO: [ app_begin ] --START--
INFO: Run Behavior\ReadHtmlCacheBehavior [ RunTime:0.000572s ]
INFO: [ app_begin ] --END-- [ RunTime:0.000705s ]
INFO: [ view_parse ] --START--
INFO: [ template_filter ] --START--
INFO: Run Behavior\ContentReplaceBehavior [ RunTime:0.000073s ]
INFO: [ template_filter ] --END-- [ RunTime:0.000223s ]
INFO: Run Behavior\ParseTemplateBehavior [ RunTime:0.100210s ]
INFO: [ view_parse ] --END-- [ RunTime:0.100361s ]
INFO: [ view_filter ] --START--
INFO: Run Behavior\WriteHtmlCacheBehavior [ RunTime:0.002936s ]
INFO: [ view_filter ] --END-- [ RunTime:0.003077s ]

[ 2018-04-15T22:00:33+08:00 ] 122.206.190.18 /xcx/home/index/update
INFO: [ app_init ] --START--
INFO: Run Behavior\BuildLiteBehavior [ RunTime:0.000035s ]
INFO: [ app_init ] --END-- [ RunTime:0.000429s ]
INFO: [ app_begin ] --START--
INFO: Run Behavior\ReadHtmlCacheBehavior [ RunTime:0.000545s ]
INFO: [ app_begin ] --END-- [ RunTime:0.000681s ]

[ 2018-04-15T22:00:40+08:00 ] 122.206.190.18 /xcx/home/index/update
INFO: [ app_init ] --START--
INFO: Run Behavior\BuildLiteBehavior [ RunTime:0.000030s ]
INFO: [ app_init ] --END-- [ RunTime:0.000433s ]
INFO: [ app_begin ] --START--
INFO: Run Behavior\ReadHtmlCacheBehavior [ RunTime:0.000557s ]
INFO: [ app_begin ] --END-- [ RunTime:0.000698s ]

[ 2018-04-15T22:01:12+08:00 ] 122.206.190.18 /xcx/home/index/update
INFO: [ app_init ] --START--
INFO: Run Behavior\BuildLiteBehavior [ RunTime:0.000029s ]
INFO: [ app_init ] --END-- [ RunTime:0.000417s ]
INFO: [ app_begin ] --START--
INFO: Run Behavior\ReadHtmlCacheBehavior [ RunTime:0.000537s ]
INFO: [ app_begin ] --END-- [ RunTime:0.000685s ]
NOTIC: [2] in_array() expects parameter 2 to be array, boolean given C:\wamp\www\ThinkPHP\Library\Think\Model.class.php 第 906 行.
NOTIC: [2] in_array() expects parameter 2 to be array, boolean given C:\wamp\www\ThinkPHP\Library\Think\Model.class.php 第 906 行.
INFO: [ app_end ] --START--
INFO: Run Behavior\ShowPageTraceBehavior [ RunTime:0.000568s ]
INFO: [ app_end ] --END-- [ RunTime:0.000702s ]

[ 2018-04-15T22:01:55+08:00 ] 122.206.190.18 /xcx/home/index/update
INFO: [ app_init ] --START--
INFO: Run Behavior\BuildLiteBehavior [ RunTime:0.000033s ]
INFO: [ app_init ] --END-- [ RunTime:0.000484s ]
INFO: [ app_begin ] --START--
INFO: Run Behavior\ReadHtmlCacheBehavior [ RunTime:0.000882s ]
INFO: [ app_begin ] --END-- [ RunTime:0.001041s ]
NOTIC: [2] in_array() expects parameter 2 to be array, boolean given C:\wamp\www\ThinkPHP\Library\Think\Model.class.php 第 906 行.
NOTIC: [2] in_array() expects parameter 2 to be array, boolean given C:\wamp\www\ThinkPHP\Library\Think\Model.class.php 第 906 行.
INFO: [ app_end ] --START--
INFO: Run Behavior\ShowPageTraceBehavior [ RunTime:0.000563s ]
INFO: [ app_end ] --END-- [ RunTime:0.000708s ]

[ 2018-04-15T22:02:03+08:00 ] 122.206.190.18 /xcx/
INFO: [ app_init ] --START--
INFO: Run Behavior\BuildLiteBehavior [ RunTime:0.000029s ]
INFO: [ app_init ] --END-- [ RunTime:0.000440s ]
INFO: [ app_begin ] --START--
INFO: Run Behavior\ReadHtmlCacheBehavior [ RunTime:0.000559s ]
INFO: [ app_begin ] --END-- [ RunTime:0.000693s ]
NOTIC: [8192] mysql_connect(): The mysql extension is deprecated and will be removed in the future: use mysqli or PDO instead C:\wamp\www\ThinkPHP\Library\Think\Db\Driver\Mysql.class.php 第 52 行.
SQL: SHOW COLUMNS FROM `message` [ RunTime:0.001156s ]
ERR: 1146:Table 'xcx.message' doesn't exist
 [ SQL语句 ] : SHOW COLUMNS FROM `message`
SQL: SELECT Message.message_id AS message_id,Message.content AS content FROM message Message  [ RunTime:0.000232s ]
ERR: 1146:Table 'xcx.message' doesn't exist
 [ SQL语句 ] : SELECT Message.message_id AS message_id,Message.content AS content FROM message Message 
INFO: [ app_end ] --START--
INFO: Run Behavior\ShowPageTraceBehavior [ RunTime:0.000638s ]
INFO: [ app_end ] --END-- [ RunTime:0.000768s ]

[ 2018-04-15T22:02:37+08:00 ] 223.104.105.223 /xcx/
INFO: [ app_init ] --START--
INFO: Run Behavior\BuildLiteBehavior [ RunTime:0.000031s ]
INFO: [ app_init ] --END-- [ RunTime:0.000469s ]
INFO: [ app_begin ] --START--
INFO: Run Behavior\ReadHtmlCacheBehavior [ RunTime:0.000563s ]
INFO: [ app_begin ] --END-- [ RunTime:0.000709s ]
NOTIC: [8192] mysql_connect(): The mysql extension is deprecated and will be removed in the future: use mysqli or PDO instead C:\wamp\www\ThinkPHP\Library\Think\Db\Driver\Mysql.class.php 第 52 行.
SQL: SHOW COLUMNS FROM `message` [ RunTime:0.006184s ]
ERR: 1146:Table 'xcx.message' doesn't exist
 [ SQL语句 ] : SHOW COLUMNS FROM `message`
SQL: SELECT Message.message_id AS message_id,Message.content AS content FROM message Message  [ RunTime:0.000948s ]
ERR: 1146:Table 'xcx.message' doesn't exist
 [ SQL语句 ] : SELECT Message.message_id AS message_id,Message.content AS content FROM message Message 
INFO: [ app_end ] --START--
INFO: Run Behavior\ShowPageTraceBehavior [ RunTime:0.000630s ]
INFO: [ app_end ] --END-- [ RunTime:0.000761s ]

[ 2018-04-15T22:02:45+08:00 ] 223.104.105.223 /xcx/home/index/update
INFO: [ app_init ] --START--
INFO: Run Behavior\BuildLiteBehavior [ RunTime:0.000027s ]
INFO: [ app_init ] --END-- [ RunTime:0.000408s ]
INFO: [ app_begin ] --START--
INFO: Run Behavior\ReadHtmlCacheBehavior [ RunTime:0.000520s ]
INFO: [ app_begin ] --END-- [ RunTime:0.000659s ]
NOTIC: [2] in_array() expects parameter 2 to be array, boolean given C:\wamp\www\ThinkPHP\Library\Think\Model.class.php 第 906 行.
NOTIC: [2] in_array() expects parameter 2 to be array, boolean given C:\wamp\www\ThinkPHP\Library\Think\Model.class.php 第 906 行.
INFO: [ app_end ] --START--
INFO: Run Behavior\ShowPageTraceBehavior [ RunTime:0.000555s ]
INFO: [ app_end ] --END-- [ RunTime:0.000685s ]

[ 2018-04-15T22:02:48+08:00 ] 223.104.105.223 /xcx/home/index/update
INFO: [ app_init ] --START--
INFO: Run Behavior\BuildLiteBehavior [ RunTime:0.000028s ]
INFO: [ app_init ] --END-- [ RunTime:0.000442s ]
INFO: [ app_begin ] --START--
INFO: Run Behavior\ReadHtmlCacheBehavior [ RunTime:0.000528s ]
INFO: [ app_begin ] --END-- [ RunTime:0.000666s ]
NOTIC: [2] in_array() expects parameter 2 to be array, boolean given C:\wamp\www\ThinkPHP\Library\Think\Model.class.php 第 906 行.
NOTIC: [2] in_array() expects parameter 2 to be array, boolean given C:\wamp\www\ThinkPHP\Library\Think\Model.class.php 第 906 行.
INFO: [ app_end ] --START--
INFO: Run Behavior\ShowPageTraceBehavior [ RunTime:0.000566s ]
INFO: [ app_end ] --END-- [ RunTime:0.000698s ]

[ 2018-04-15T22:02:53+08:00 ] 223.104.105.223 /xcx/home/index/update
INFO: [ app_init ] --START--
INFO: Run Behavior\BuildLiteBehavior [ RunTime:0.000028s ]
INFO: [ app_init ] --END-- [ RunTime:0.000434s ]
INFO: [ app_begin ] --START--
INFO: Run Behavior\ReadHtmlCacheBehavior [ RunTime:0.000529s ]
INFO: [ app_begin ] --END-- [ RunTime:0.000672s ]
NOTIC: [2] in_array() expects parameter 2 to be array, boolean given C:\wamp\www\ThinkPHP\Library\Think\Model.class.php 第 906 行.
NOTIC: [2] in_array() expects parameter 2 to be array, boolean given C:\wamp\www\ThinkPHP\Library\Think\Model.class.php 第 906 行.
INFO: [ app_end ] --START--
INFO: Run Behavior\ShowPageTraceBehavior [ RunTime:0.000569s ]
INFO: [ app_end ] --END-- [ RunTime:0.000701s ]

[ 2018-04-15T22:02:59+08:00 ] 223.104.105.223 /xcx/home/index/update
INFO: [ app_init ] --START--
INFO: Run Behavior\BuildLiteBehavior [ RunTime:0.000029s ]
INFO: [ app_init ] --END-- [ RunTime:0.000482s ]
INFO: [ app_begin ] --START--
INFO: Run Behavior\ReadHtmlCacheBehavior [ RunTime:0.000524s ]
INFO: [ app_begin ] --END-- [ RunTime:0.000669s ]
NOTIC: [2] in_array() expects parameter 2 to be array, boolean given C:\wamp\www\ThinkPHP\Library\Think\Model.class.php 第 906 行.
NOTIC: [2] in_array() expects parameter 2 to be array, boolean given C:\wamp\www\ThinkPHP\Library\Think\Model.class.php 第 906 行.
INFO: [ app_end ] --START--
INFO: Run Behavior\ShowPageTraceBehavior [ RunTime:0.001533s ]
INFO: [ app_end ] --END-- [ RunTime:0.001665s ]

[ 2018-04-15T22:04:52+08:00 ] 223.104.105.223 /xcx/home/index/update
INFO: [ app_init ] --START--
INFO: Run Behavior\BuildLiteBehavior [ RunTime:0.000027s ]
INFO: [ app_init ] --END-- [ RunTime:0.000405s ]
INFO: [ app_begin ] --START--
INFO: Run Behavior\ReadHtmlCacheBehavior [ RunTime:0.000502s ]
INFO: [ app_begin ] --END-- [ RunTime:0.000638s ]
NOTIC: [2] in_array() expects parameter 2 to be array, boolean given C:\wamp\www\ThinkPHP\Library\Think\Model.class.php 第 906 行.
NOTIC: [2] in_array() expects parameter 2 to be array, boolean given C:\wamp\www\ThinkPHP\Library\Think\Model.class.php 第 906 行.
INFO: [ app_end ] --START--
INFO: Run Behavior\ShowPageTraceBehavior [ RunTime:0.000553s ]
INFO: [ app_end ] --END-- [ RunTime:0.000681s ]

[ 2018-04-15T22:14:44+08:00 ] 223.104.105.223 /xcx/home/index/update
INFO: [ app_init ] --START--
INFO: Run Behavior\BuildLiteBehavior [ RunTime:0.000032s ]
INFO: [ app_init ] --END-- [ RunTime:0.000513s ]
INFO: [ app_begin ] --START--
INFO: Run Behavior\ReadHtmlCacheBehavior [ RunTime:0.000597s ]
INFO: [ app_begin ] --END-- [ RunTime:0.000751s ]
NOTIC: [8192] mysql_connect(): The mysql extension is deprecated and will be removed in the future: use mysqli or PDO instead C:\wamp\www\ThinkPHP\Library\Think\Db\Driver\Mysql.class.php 第 52 行.
SQL: SHOW COLUMNS FROM `message` [ RunTime:0.004637s ]
ERR: 1146:Table 'xcx.message' doesn't exist
 [ SQL语句 ] : SHOW COLUMNS FROM `message`
NOTIC: [2] in_array() expects parameter 2 to be array, boolean given C:\wamp\www\ThinkPHP\Library\Think\Model.class.php 第 906 行.
NOTIC: [2] in_array() expects parameter 2 to be array, boolean given C:\wamp\www\ThinkPHP\Library\Think\Model.class.php 第 906 行.
INFO: [ app_end ] --START--
INFO: Run Behavior\ShowPageTraceBehavior [ RunTime:0.000684s ]
INFO: [ app_end ] --END-- [ RunTime:0.000814s ]

[ 2018-04-15T22:14:47+08:00 ] 223.104.105.223 /xcx/
INFO: [ app_init ] --START--
INFO: Run Behavior\BuildLiteBehavior [ RunTime:0.000028s ]
INFO: [ app_init ] --END-- [ RunTime:0.000486s ]
INFO: [ app_begin ] --START--
INFO: Run Behavior\ReadHtmlCacheBehavior [ RunTime:0.000574s ]
INFO: [ app_begin ] --END-- [ RunTime:0.000762s ]
NOTIC: [8192] mysql_connect(): The mysql extension is deprecated and will be removed in the future: use mysqli or PDO instead C:\wamp\www\ThinkPHP\Library\Think\Db\Driver\Mysql.class.php 第 52 行.
SQL: SHOW COLUMNS FROM `message` [ RunTime:0.001088s ]
ERR: 1146:Table 'xcx.message' doesn't exist
 [ SQL语句 ] : SHOW COLUMNS FROM `message`
SQL: SELECT Message.message_id AS message_id,Message.content AS content FROM message Message  [ RunTime:0.000232s ]
ERR: 1146:Table 'xcx.message' doesn't exist
 [ SQL语句 ] : SELECT Message.message_id AS message_id,Message.content AS content FROM message Message 
INFO: [ app_end ] --START--
INFO: Run Behavior\ShowPageTraceBehavior [ RunTime:0.000659s ]
INFO: [ app_end ] --END-- [ RunTime:0.000821s ]

[ 2018-04-15T22:14:53+08:00 ] 223.104.105.223 /xcx/home/index/update
INFO: [ app_init ] --START--
INFO: Run Behavior\BuildLiteBehavior [ RunTime:0.000027s ]
INFO: [ app_init ] --END-- [ RunTime:0.000413s ]
INFO: [ app_begin ] --START--
INFO: Run Behavior\ReadHtmlCacheBehavior [ RunTime:0.000518s ]
INFO: [ app_begin ] --END-- [ RunTime:0.000655s ]
NOTIC: [8192] mysql_connect(): The mysql extension is deprecated and will be removed in the future: use mysqli or PDO instead C:\wamp\www\ThinkPHP\Library\Think\Db\Driver\Mysql.class.php 第 52 行.
SQL: SHOW COLUMNS FROM `message` [ RunTime:0.001076s ]
ERR: 1146:Table 'xcx.message' doesn't exist
 [ SQL语句 ] : SHOW COLUMNS FROM `message`
NOTIC: [2] in_array() expects parameter 2 to be array, boolean given C:\wamp\www\ThinkPHP\Library\Think\Model.class.php 第 906 行.
NOTIC: [2] in_array() expects parameter 2 to be array, boolean given C:\wamp\www\ThinkPHP\Library\Think\Model.class.php 第 906 行.
INFO: [ app_end ] --START--
INFO: Run Behavior\ShowPageTraceBehavior [ RunTime:0.000638s ]
INFO: [ app_end ] --END-- [ RunTime:0.000767s ]

[ 2018-04-15T22:15:05+08:00 ] 122.206.190.18 /xcx/
INFO: [ app_init ] --START--
INFO: Run Behavior\BuildLiteBehavior [ RunTime:0.000029s ]
INFO: [ app_init ] --END-- [ RunTime:0.000472s ]
INFO: [ app_begin ] --START--
INFO: Run Behavior\ReadHtmlCacheBehavior [ RunTime:0.000585s ]
INFO: [ app_begin ] --END-- [ RunTime:0.000720s ]
NOTIC: [8192] mysql_connect(): The mysql extension is deprecated and will be removed in the future: use mysqli or PDO instead C:\wamp\www\ThinkPHP\Library\Think\Db\Driver\Mysql.class.php 第 52 行.
SQL: SHOW COLUMNS FROM `message` [ RunTime:0.003958s ]
ERR: 1146:Table 'xcx.message' doesn't exist
 [ SQL语句 ] : SHOW COLUMNS FROM `message`
SQL: SELECT Message.message_id AS message_id,Message.content AS content FROM message Message  [ RunTime:0.000259s ]
ERR: 1146:Table 'xcx.message' doesn't exist
 [ SQL语句 ] : SELECT Message.message_id AS message_id,Message.content AS content FROM message Message 
INFO: [ app_end ] --START--
INFO: Run Behavior\ShowPageTraceBehavior [ RunTime:0.000678s ]
INFO: [ app_end ] --END-- [ RunTime:0.000808s ]

[ 2018-04-15T22:15:36+08:00 ] 122.206.190.18 /xcx/home/index/update
INFO: [ app_init ] --START--
INFO: Run Behavior\BuildLiteBehavior [ RunTime:0.000027s ]
INFO: [ app_init ] --END-- [ RunTime:0.000412s ]
INFO: [ app_begin ] --START--
INFO: Run Behavior\ReadHtmlCacheBehavior [ RunTime:0.000537s ]
INFO: [ app_begin ] --END-- [ RunTime:0.000671s ]
NOTIC: [8192] mysql_connect(): The mysql extension is deprecated and will be removed in the future: use mysqli or PDO instead C:\wamp\www\ThinkPHP\Library\Think\Db\Driver\Mysql.class.php 第 52 行.
SQL: SHOW COLUMNS FROM `message` [ RunTime:0.001067s ]
ERR: 1146:Table 'xcx.message' doesn't exist
 [ SQL语句 ] : SHOW COLUMNS FROM `message`
NOTIC: [2] in_array() expects parameter 2 to be array, boolean given C:\wamp\www\ThinkPHP\Library\Think\Model.class.php 第 906 行.
NOTIC: [2] in_array() expects parameter 2 to be array, boolean given C:\wamp\www\ThinkPHP\Library\Think\Model.class.php 第 906 行.
INFO: [ app_end ] --START--
INFO: Run Behavior\ShowPageTraceBehavior [ RunTime:0.000621s ]
INFO: [ app_end ] --END-- [ RunTime:0.000758s ]

[ 2018-04-15T22:16:01+08:00 ] 223.104.105.223 /xcx/home/index/update
INFO: [ app_init ] --START--
INFO: Run Behavior\BuildLiteBehavior [ RunTime:0.000028s ]
INFO: [ app_init ] --END-- [ RunTime:0.000476s ]
INFO: [ app_begin ] --START--
INFO: Run Behavior\ReadHtmlCacheBehavior [ RunTime:0.000550s ]
INFO: [ app_begin ] --END-- [ RunTime:0.000697s ]
NOTIC: [8192] mysql_connect(): The mysql extension is deprecated and will be removed in the future: use mysqli or PDO instead C:\wamp\www\ThinkPHP\Library\Think\Db\Driver\Mysql.class.php 第 52 行.
SQL: SHOW COLUMNS FROM `message` [ RunTime:0.001058s ]
ERR: 1146:Table 'xcx.message' doesn't exist
 [ SQL语句 ] : SHOW COLUMNS FROM `message`
NOTIC: [2] in_array() expects parameter 2 to be array, boolean given C:\wamp\www\ThinkPHP\Library\Think\Model.class.php 第 906 行.
NOTIC: [2] in_array() expects parameter 2 to be array, boolean given C:\wamp\www\ThinkPHP\Library\Think\Model.class.php 第 906 行.
INFO: [ app_end ] --START--
INFO: Run Behavior\ShowPageTraceBehavior [ RunTime:0.000636s ]
INFO: [ app_end ] --END-- [ RunTime:0.000766s ]

[ 2018-04-15T22:16:56+08:00 ] 223.104.105.223 /xcx/home/index/update
INFO: [ app_init ] --START--
INFO: Run Behavior\BuildLiteBehavior [ RunTime:0.000028s ]
INFO: [ app_init ] --END-- [ RunTime:0.000425s ]
INFO: [ app_begin ] --START--
INFO: Run Behavior\ReadHtmlCacheBehavior [ RunTime:0.000558s ]
INFO: [ app_begin ] --END-- [ RunTime:0.000695s ]
NOTIC: [8192] mysql_connect(): The mysql extension is deprecated and will be removed in the future: use mysqli or PDO instead C:\wamp\www\ThinkPHP\Library\Think\Db\Driver\Mysql.class.php 第 52 行.
SQL: SHOW COLUMNS FROM `message` [ RunTime:0.002227s ]
ERR: 1146:Table 'xcx.message' doesn't exist
 [ SQL语句 ] : SHOW COLUMNS FROM `message`
NOTIC: [2] in_array() expects parameter 2 to be array, boolean given C:\wamp\www\ThinkPHP\Library\Think\Model.class.php 第 906 行.
NOTIC: [2] in_array() expects parameter 2 to be array, boolean given C:\wamp\www\ThinkPHP\Library\Think\Model.class.php 第 906 行.
INFO: [ app_end ] --START--
INFO: Run Behavior\ShowPageTraceBehavior [ RunTime:0.000816s ]
INFO: [ app_end ] --END-- [ RunTime:0.000955s ]

[ 2018-04-15T22:18:08+08:00 ] 223.104.105.223 /xcx/home/index/update
INFO: [ app_init ] --START--
INFO: Run Behavior\BuildLiteBehavior [ RunTime:0.000028s ]
INFO: [ app_init ] --END-- [ RunTime:0.000435s ]
INFO: [ app_begin ] --START--
INFO: Run Behavior\ReadHtmlCacheBehavior [ RunTime:0.000528s ]
INFO: [ app_begin ] --END-- [ RunTime:0.000666s ]
NOTIC: [8192] mysql_connect(): The mysql extension is deprecated and will be removed in the future: use mysqli or PDO instead C:\wamp\www\ThinkPHP\Library\Think\Db\Driver\Mysql.class.php 第 52 行.
SQL: SHOW COLUMNS FROM `message` [ RunTime:0.001004s ]
ERR: 1146:Table 'xcx.message' doesn't exist
 [ SQL语句 ] : SHOW COLUMNS FROM `message`
NOTIC: [2] in_array() expects parameter 2 to be array, boolean given C:\wamp\www\ThinkPHP\Library\Think\Model.class.php 第 906 行.
NOTIC: [2] in_array() expects parameter 2 to be array, boolean given C:\wamp\www\ThinkPHP\Library\Think\Model.class.php 第 906 行.
INFO: [ app_end ] --START--
INFO: Run Behavior\ShowPageTraceBehavior [ RunTime:0.000585s ]
INFO: [ app_end ] --END-- [ RunTime:0.000712s ]

[ 2018-04-15T22:19:01+08:00 ] 223.104.105.223 /xcx/home/index/update
INFO: [ app_init ] --START--
INFO: Run Behavior\BuildLiteBehavior [ RunTime:0.000028s ]
INFO: [ app_init ] --END-- [ RunTime:0.000430s ]
INFO: [ app_begin ] --START--
INFO: Run Behavior\ReadHtmlCacheBehavior [ RunTime:0.000528s ]
INFO: [ app_begin ] --END-- [ RunTime:0.000666s ]
NOTIC: [8192] mysql_connect(): The mysql extension is deprecated and will be removed in the future: use mysqli or PDO instead C:\wamp\www\ThinkPHP\Library\Think\Db\Driver\Mysql.class.php 第 52 行.
SQL: SHOW COLUMNS FROM `message` [ RunTime:0.001076s ]
ERR: 1146:Table 'xcx.message' doesn't exist
 [ SQL语句 ] : SHOW COLUMNS FROM `message`
NOTIC: [2] in_array() expects parameter 2 to be array, boolean given C:\wamp\www\ThinkPHP\Library\Think\Model.class.php 第 906 行.
NOTIC: [2] in_array() expects parameter 2 to be array, boolean given C:\wamp\www\ThinkPHP\Library\Think\Model.class.php 第 906 行.
INFO: [ app_end ] --START--
INFO: Run Behavior\ShowPageTraceBehavior [ RunTime:0.000706s ]
INFO: [ app_end ] --END-- [ RunTime:0.000835s ]

[ 2018-04-15T22:19:06+08:00 ] 223.104.105.223 /xcx/home/index/update
INFO: [ app_init ] --START--
INFO: Run Behavior\BuildLiteBehavior [ RunTime:0.000028s ]
INFO: [ app_init ] --END-- [ RunTime:0.000417s ]
INFO: [ app_begin ] --START--
INFO: Run Behavior\ReadHtmlCacheBehavior [ RunTime:0.000526s ]
INFO: [ app_begin ] --END-- [ RunTime:0.000660s ]
NOTIC: [8192] mysql_connect(): The mysql extension is deprecated and will be removed in the future: use mysqli or PDO instead C:\wamp\www\ThinkPHP\Library\Think\Db\Driver\Mysql.class.php 第 52 行.
SQL: SHOW COLUMNS FROM `message` [ RunTime:0.000980s ]
ERR: 1146:Table 'xcx.message' doesn't exist
 [ SQL语句 ] : SHOW COLUMNS FROM `message`
NOTIC: [2] in_array() expects parameter 2 to be array, boolean given C:\wamp\www\ThinkPHP\Library\Think\Model.class.php 第 906 行.
NOTIC: [2] in_array() expects parameter 2 to be array, boolean given C:\wamp\www\ThinkPHP\Library\Think\Model.class.php 第 906 行.
INFO: [ app_end ] --START--
INFO: Run Behavior\ShowPageTraceBehavior [ RunTime:0.000581s ]
INFO: [ app_end ] --END-- [ RunTime:0.000710s ]

[ 2018-04-15T22:19:59+08:00 ] 223.104.105.223 /xcx/home/index/update
INFO: [ app_init ] --START--
INFO: Run Behavior\BuildLiteBehavior [ RunTime:0.000028s ]
INFO: [ app_init ] --END-- [ RunTime:0.000412s ]
INFO: [ app_begin ] --START--
INFO: Run Behavior\ReadHtmlCacheBehavior [ RunTime:0.000584s ]
INFO: [ app_begin ] --END-- [ RunTime:0.001299s ]
NOTIC: [8192] mysql_connect(): The mysql extension is deprecated and will be removed in the future: use mysqli or PDO instead C:\wamp\www\ThinkPHP\Library\Think\Db\Driver\Mysql.class.php 第 52 行.
SQL: SHOW COLUMNS FROM `message` [ RunTime:0.002174s ]
ERR: 1146:Table 'xcx.message' doesn't exist
 [ SQL语句 ] : SHOW COLUMNS FROM `message`
NOTIC: [2] in_array() expects parameter 2 to be array, boolean given C:\wamp\www\ThinkPHP\Library\Think\Model.class.php 第 906 行.
NOTIC: [2] in_array() expects parameter 2 to be array, boolean given C:\wamp\www\ThinkPHP\Library\Think\Model.class.php 第 906 行.
INFO: [ app_end ] --START--
INFO: Run Behavior\ShowPageTraceBehavior [ RunTime:0.000656s ]
INFO: [ app_end ] --END-- [ RunTime:0.000792s ]

[ 2018-04-15T22:21:02+08:00 ] 223.104.105.223 /xcx/home/index/update
INFO: [ app_init ] --START--
INFO: Run Behavior\BuildLiteBehavior [ RunTime:0.000027s ]
INFO: [ app_init ] --END-- [ RunTime:0.000432s ]
INFO: [ app_begin ] --START--
INFO: Run Behavior\ReadHtmlCacheBehavior [ RunTime:0.000510s ]
INFO: [ app_begin ] --END-- [ RunTime:0.000646s ]
NOTIC: [8192] mysql_connect(): The mysql extension is deprecated and will be removed in the future: use mysqli or PDO instead C:\wamp\www\ThinkPHP\Library\Think\Db\Driver\Mysql.class.php 第 52 行.
SQL: SHOW COLUMNS FROM `message` [ RunTime:0.001066s ]
ERR: 1146:Table 'xcx.message' doesn't exist
 [ SQL语句 ] : SHOW COLUMNS FROM `message`
NOTIC: [2] in_array() expects parameter 2 to be array, boolean given C:\wamp\www\ThinkPHP\Library\Think\Model.class.php 第 906 行.
NOTIC: [2] in_array() expects parameter 2 to be array, boolean given C:\wamp\www\ThinkPHP\Library\Think\Model.class.php 第 906 行.
INFO: [ app_end ] --START--
INFO: Run Behavior\ShowPageTraceBehavior [ RunTime:0.000583s ]
INFO: [ app_end ] --END-- [ RunTime:0.000711s ]

[ 2018-04-15T22:21:46+08:00 ] 223.104.105.223 /xcx/home/index/update
INFO: [ app_init ] --START--
INFO: Run Behavior\BuildLiteBehavior [ RunTime:0.000029s ]
INFO: [ app_init ] --END-- [ RunTime:0.000467s ]
INFO: [ app_begin ] --START--
INFO: Run Behavior\ReadHtmlCacheBehavior [ RunTime:0.000606s ]
INFO: [ app_begin ] --END-- [ RunTime:0.000745s ]
NOTIC: [8192] mysql_connect(): The mysql extension is deprecated and will be removed in the future: use mysqli or PDO instead C:\wamp\www\ThinkPHP\Library\Think\Db\Driver\Mysql.class.php 第 52 行.
SQL: SHOW COLUMNS FROM `message` [ RunTime:0.002669s ]
ERR: 1146:Table 'xcx.message' doesn't exist
 [ SQL语句 ] : SHOW COLUMNS FROM `message`
NOTIC: [2] in_array() expects parameter 2 to be array, boolean given C:\wamp\www\ThinkPHP\Library\Think\Model.class.php 第 906 行.
NOTIC: [2] in_array() expects parameter 2 to be array, boolean given C:\wamp\www\ThinkPHP\Library\Think\Model.class.php 第 906 行.
INFO: [ app_end ] --START--
INFO: Run Behavior\ShowPageTraceBehavior [ RunTime:0.000669s ]
INFO: [ app_end ] --END-- [ RunTime:0.000803s ]

[ 2018-04-15T22:21:48+08:00 ] 223.104.105.223 /xcx/home/index/update
INFO: [ app_init ] --START--
INFO: Run Behavior\BuildLiteBehavior [ RunTime:0.000028s ]
INFO: [ app_init ] --END-- [ RunTime:0.000452s ]
INFO: [ app_begin ] --START--
INFO: Run Behavior\ReadHtmlCacheBehavior [ RunTime:0.000545s ]
INFO: [ app_begin ] --END-- [ RunTime:0.000680s ]
NOTIC: [8192] mysql_connect(): The mysql extension is deprecated and will be removed in the future: use mysqli or PDO instead C:\wamp\www\ThinkPHP\Library\Think\Db\Driver\Mysql.class.php 第 52 行.
SQL: SHOW COLUMNS FROM `message` [ RunTime:0.001217s ]
ERR: 1146:Table 'xcx.message' doesn't exist
 [ SQL语句 ] : SHOW COLUMNS FROM `message`
NOTIC: [2] in_array() expects parameter 2 to be array, boolean given C:\wamp\www\ThinkPHP\Library\Think\Model.class.php 第 906 行.
NOTIC: [2] in_array() expects parameter 2 to be array, boolean given C:\wamp\www\ThinkPHP\Library\Think\Model.class.php 第 906 行.
INFO: [ app_end ] --START--
INFO: Run Behavior\ShowPageTraceBehavior [ RunTime:0.000560s ]
INFO: [ app_end ] --END-- [ RunTime:0.000688s ]

[ 2018-04-15T22:21:48+08:00 ] 223.104.105.223 /xcx/home/index/update
INFO: [ app_init ] --START--
INFO: Run Behavior\BuildLiteBehavior [ RunTime:0.000036s ]
INFO: [ app_init ] --END-- [ RunTime:0.000477s ]
INFO: [ app_begin ] --START--
INFO: Run Behavior\ReadHtmlCacheBehavior [ RunTime:0.000520s ]
INFO: [ app_begin ] --END-- [ RunTime:0.000657s ]
NOTIC: [8192] mysql_connect(): The mysql extension is deprecated and will be removed in the future: use mysqli or PDO instead C:\wamp\www\ThinkPHP\Library\Think\Db\Driver\Mysql.class.php 第 52 行.
SQL: SHOW COLUMNS FROM `message` [ RunTime:0.001145s ]
ERR: 1146:Table 'xcx.message' doesn't exist
 [ SQL语句 ] : SHOW COLUMNS FROM `message`
NOTIC: [2] in_array() expects parameter 2 to be array, boolean given C:\wamp\www\ThinkPHP\Library\Think\Model.class.php 第 906 行.
NOTIC: [2] in_array() expects parameter 2 to be array, boolean given C:\wamp\www\ThinkPHP\Library\Think\Model.class.php 第 906 行.
INFO: [ app_end ] --START--
INFO: Run Behavior\ShowPageTraceBehavior [ RunTime:0.000672s ]
INFO: [ app_end ] --END-- [ RunTime:0.000809s ]

[ 2018-04-15T22:21:49+08:00 ] 223.104.105.223 /xcx/home/index/update
INFO: [ app_init ] --START--
INFO: Run Behavior\BuildLiteBehavior [ RunTime:0.000027s ]
INFO: [ app_init ] --END-- [ RunTime:0.000410s ]
INFO: [ app_begin ] --START--
INFO: Run Behavior\ReadHtmlCacheBehavior [ RunTime:0.000521s ]
INFO: [ app_begin ] --END-- [ RunTime:0.000665s ]
NOTIC: [8192] mysql_connect(): The mysql extension is deprecated and will be removed in the future: use mysqli or PDO instead C:\wamp\www\ThinkPHP\Library\Think\Db\Driver\Mysql.class.php 第 52 行.
SQL: SHOW COLUMNS FROM `message` [ RunTime:0.002305s ]
ERR: 1146:Table 'xcx.message' doesn't exist
 [ SQL语句 ] : SHOW COLUMNS FROM `message`
NOTIC: [2] in_array() expects parameter 2 to be array, boolean given C:\wamp\www\ThinkPHP\Library\Think\Model.class.php 第 906 行.
NOTIC: [2] in_array() expects parameter 2 to be array, boolean given C:\wamp\www\ThinkPHP\Library\Think\Model.class.php 第 906 行.
INFO: [ app_end ] --START--
INFO: Run Behavior\ShowPageTraceBehavior [ RunTime:0.000662s ]
INFO: [ app_end ] --END-- [ RunTime:0.000799s ]

[ 2018-04-15T22:22:14+08:00 ] 223.104.105.223 /xcx/
INFO: [ app_init ] --START--
INFO: Run Behavior\BuildLiteBehavior [ RunTime:0.000029s ]
INFO: [ app_init ] --END-- [ RunTime:0.000493s ]
INFO: [ app_begin ] --START--
INFO: Run Behavior\ReadHtmlCacheBehavior [ RunTime:0.000574s ]
INFO: [ app_begin ] --END-- [ RunTime:0.000760s ]
NOTIC: [8192] mysql_connect(): The mysql extension is deprecated and will be removed in the future: use mysqli or PDO instead C:\wamp\www\ThinkPHP\Library\Think\Db\Driver\Mysql.class.php 第 52 行.
SQL: SHOW COLUMNS FROM `message` [ RunTime:0.000992s ]
ERR: 1146:Table 'xcx.message' doesn't exist
 [ SQL语句 ] : SHOW COLUMNS FROM `message`
SQL: SELECT Message.message_id AS message_id,Message.content AS content FROM message Message  [ RunTime:0.000223s ]
ERR: 1146:Table 'xcx.message' doesn't exist
 [ SQL语句 ] : SELECT Message.message_id AS message_id,Message.content AS content FROM message Message 
INFO: [ app_end ] --START--
INFO: Run Behavior\ShowPageTraceBehavior [ RunTime:0.000587s ]
INFO: [ app_end ] --END-- [ RunTime:0.000727s ]

[ 2018-04-15T22:22:18+08:00 ] 223.104.105.223 /xcx/home/index/update
INFO: [ app_init ] --START--
INFO: Run Behavior\BuildLiteBehavior [ RunTime:0.000028s ]
INFO: [ app_init ] --END-- [ RunTime:0.000454s ]
INFO: [ app_begin ] --START--
INFO: Run Behavior\ReadHtmlCacheBehavior [ RunTime:0.000562s ]
INFO: [ app_begin ] --END-- [ RunTime:0.000704s ]
NOTIC: [8192] mysql_connect(): The mysql extension is deprecated and will be removed in the future: use mysqli or PDO instead C:\wamp\www\ThinkPHP\Library\Think\Db\Driver\Mysql.class.php 第 52 行.
SQL: SHOW COLUMNS FROM `message` [ RunTime:0.001113s ]
ERR: 1146:Table 'xcx.message' doesn't exist
 [ SQL语句 ] : SHOW COLUMNS FROM `message`
NOTIC: [2] in_array() expects parameter 2 to be array, boolean given C:\wamp\www\ThinkPHP\Library\Think\Model.class.php 第 906 行.
NOTIC: [2] in_array() expects parameter 2 to be array, boolean given C:\wamp\www\ThinkPHP\Library\Think\Model.class.php 第 906 行.
INFO: [ app_end ] --START--
INFO: Run Behavior\ShowPageTraceBehavior [ RunTime:0.000680s ]
INFO: [ app_end ] --END-- [ RunTime:0.000811s ]

[ 2018-04-15T22:28:10+08:00 ] 223.104.105.223 /xcx/home/index/update
INFO: [ app_init ] --START--
INFO: Run Behavior\BuildLiteBehavior [ RunTime:0.000036s ]
INFO: [ app_init ] --END-- [ RunTime:0.017700s ]
INFO: [ app_begin ] --START--
INFO: Run Behavior\ReadHtmlCacheBehavior [ RunTime:0.013910s ]
INFO: [ app_begin ] --END-- [ RunTime:0.014077s ]
NOTIC: [8192] mysql_connect(): The mysql extension is deprecated and will be removed in the future: use mysqli or PDO instead C:\wamp\www\ThinkPHP\Library\Think\Db\Driver\Mysql.class.php 第 52 行.
SQL: SHOW COLUMNS FROM `message` [ RunTime:0.048842s ]
ERR: 1146:Table 'xcx.message' doesn't exist
 [ SQL语句 ] : SHOW COLUMNS FROM `message`
NOTIC: [2] in_array() expects parameter 2 to be array, boolean given C:\wamp\www\ThinkPHP\Library\Think\Model.class.php 第 906 行.
NOTIC: [2] in_array() expects parameter 2 to be array, boolean given C:\wamp\www\ThinkPHP\Library\Think\Model.class.php 第 906 行.
INFO: [ app_end ] --START--
INFO: Run Behavior\ShowPageTraceBehavior [ RunTime:0.013861s ]
INFO: [ app_end ] --END-- [ RunTime:0.014036s ]

[ 2018-04-15T22:28:11+08:00 ] 223.104.105.223 /xcx/home/index/update
INFO: [ app_init ] --START--
INFO: Run Behavior\BuildLiteBehavior [ RunTime:0.000028s ]
INFO: [ app_init ] --END-- [ RunTime:0.000428s ]
INFO: [ app_begin ] --START--
INFO: Run Behavior\ReadHtmlCacheBehavior [ RunTime:0.000537s ]
INFO: [ app_begin ] --END-- [ RunTime:0.000706s ]
NOTIC: [8192] mysql_connect(): The mysql extension is deprecated and will be removed in the future: use mysqli or PDO instead C:\wamp\www\ThinkPHP\Library\Think\Db\Driver\Mysql.class.php 第 52 行.
SQL: SHOW COLUMNS FROM `message` [ RunTime:0.001068s ]
ERR: 1146:Table 'xcx.message' doesn't exist
 [ SQL语句 ] : SHOW COLUMNS FROM `message`
NOTIC: [2] in_array() expects parameter 2 to be array, boolean given C:\wamp\www\ThinkPHP\Library\Think\Model.class.php 第 906 行.
NOTIC: [2] in_array() expects parameter 2 to be array, boolean given C:\wamp\www\ThinkPHP\Library\Think\Model.class.php 第 906 行.
INFO: [ app_end ] --START--
INFO: Run Behavior\ShowPageTraceBehavior [ RunTime:0.000644s ]
INFO: [ app_end ] --END-- [ RunTime:0.000825s ]

[ 2018-04-15T22:28:15+08:00 ] 223.104.105.223 /xcx/home/index/update
INFO: [ app_init ] --START--
INFO: Run Behavior\BuildLiteBehavior [ RunTime:0.000029s ]
INFO: [ app_init ] --END-- [ RunTime:0.000458s ]
INFO: [ app_begin ] --START--
INFO: Run Behavior\ReadHtmlCacheBehavior [ RunTime:0.000618s ]
INFO: [ app_begin ] --END-- [ RunTime:0.000802s ]
NOTIC: [8192] mysql_connect(): The mysql extension is deprecated and will be removed in the future: use mysqli or PDO instead C:\wamp\www\ThinkPHP\Library\Think\Db\Driver\Mysql.class.php 第 52 行.
SQL: SHOW COLUMNS FROM `message` [ RunTime:0.001232s ]
ERR: 1146:Table 'xcx.message' doesn't exist
 [ SQL语句 ] : SHOW COLUMNS FROM `message`
NOTIC: [2] in_array() expects parameter 2 to be array, boolean given C:\wamp\www\ThinkPHP\Library\Think\Model.class.php 第 906 行.
NOTIC: [2] in_array() expects parameter 2 to be array, boolean given C:\wamp\www\ThinkPHP\Library\Think\Model.class.php 第 906 行.
INFO: [ app_end ] --START--
INFO: Run Behavior\ShowPageTraceBehavior [ RunTime:0.000725s ]
INFO: [ app_end ] --END-- [ RunTime:0.000855s ]

[ 2018-04-15T22:28:18+08:00 ] 223.104.105.223 /xcx/
INFO: [ app_init ] --START--
INFO: Run Behavior\BuildLiteBehavior [ RunTime:0.000031s ]
INFO: [ app_init ] --END-- [ RunTime:0.000491s ]
INFO: [ app_begin ] --START--
INFO: Run Behavior\ReadHtmlCacheBehavior [ RunTime:0.000502s ]
INFO: [ app_begin ] --END-- [ RunTime:0.000650s ]
NOTIC: [8192] mysql_connect(): The mysql extension is deprecated and will be removed in the future: use mysqli or PDO instead C:\wamp\www\ThinkPHP\Library\Think\Db\Driver\Mysql.class.php 第 52 行.
SQL: SHOW COLUMNS FROM `message` [ RunTime:0.001216s ]
ERR: 1146:Table 'xcx.message' doesn't exist
 [ SQL语句 ] : SHOW COLUMNS FROM `message`
SQL: SELECT Message.message_id AS message_id,Message.content AS content FROM message Message  [ RunTime:0.000297s ]
ERR: 1146:Table 'xcx.message' doesn't exist
 [ SQL语句 ] : SELECT Message.message_id AS message_id,Message.content AS content FROM message Message 
INFO: [ app_end ] --START--
INFO: Run Behavior\ShowPageTraceBehavior [ RunTime:0.000648s ]
INFO: [ app_end ] --END-- [ RunTime:0.000787s ]

[ 2018-04-15T22:28:31+08:00 ] 223.104.105.223 /xcx/home/index/update
INFO: [ app_init ] --START--
INFO: Run Behavior\BuildLiteBehavior [ RunTime:0.000028s ]
INFO: [ app_init ] --END-- [ RunTime:0.000420s ]
INFO: [ app_begin ] --START--
INFO: Run Behavior\ReadHtmlCacheBehavior [ RunTime:0.000407s ]
INFO: [ app_begin ] --END-- [ RunTime:0.000543s ]
NOTIC: [8192] mysql_connect(): The mysql extension is deprecated and will be removed in the future: use mysqli or PDO instead C:\wamp\www\ThinkPHP\Library\Think\Db\Driver\Mysql.class.php 第 52 行.
SQL: SHOW COLUMNS FROM `message` [ RunTime:0.029028s ]
ERR: 1146:Table 'xcx.message' doesn't exist
 [ SQL语句 ] : SHOW COLUMNS FROM `message`
NOTIC: [2] in_array() expects parameter 2 to be array, boolean given C:\wamp\www\ThinkPHP\Library\Think\Model.class.php 第 906 行.
NOTIC: [2] in_array() expects parameter 2 to be array, boolean given C:\wamp\www\ThinkPHP\Library\Think\Model.class.php 第 906 行.
INFO: [ app_end ] --START--
INFO: Run Behavior\ShowPageTraceBehavior [ RunTime:0.000589s ]
INFO: [ app_end ] --END-- [ RunTime:0.000755s ]

[ 2018-04-15T22:28:40+08:00 ] 223.104.105.223 /xcx/home/index/update
INFO: [ app_init ] --START--
INFO: Run Behavior\BuildLiteBehavior [ RunTime:0.000028s ]
INFO: [ app_init ] --END-- [ RunTime:0.000401s ]
INFO: [ app_begin ] --START--
INFO: Run Behavior\ReadHtmlCacheBehavior [ RunTime:0.000542s ]
INFO: [ app_begin ] --END-- [ RunTime:0.000679s ]
NOTIC: [8192] mysql_connect(): The mysql extension is deprecated and will be removed in the future: use mysqli or PDO instead C:\wamp\www\ThinkPHP\Library\Think\Db\Driver\Mysql.class.php 第 52 行.
SQL: SHOW COLUMNS FROM `message` [ RunTime:0.004665s ]
ERR: 1146:Table 'xcx.message' doesn't exist
 [ SQL语句 ] : SHOW COLUMNS FROM `message`
NOTIC: [2] in_array() expects parameter 2 to be array, boolean given C:\wamp\www\ThinkPHP\Library\Think\Model.class.php 第 906 行.
NOTIC: [2] in_array() expects parameter 2 to be array, boolean given C:\wamp\www\ThinkPHP\Library\Think\Model.class.php 第 906 行.
INFO: [ app_end ] --START--
INFO: Run Behavior\ShowPageTraceBehavior [ RunTime:0.000592s ]
INFO: [ app_end ] --END-- [ RunTime:0.000722s ]

[ 2018-04-15T22:28:46+08:00 ] 223.104.105.223 /xcx/home/index/update
INFO: [ app_init ] --START--
INFO: Run Behavior\BuildLiteBehavior [ RunTime:0.000028s ]
INFO: [ app_init ] --END-- [ RunTime:0.000416s ]
INFO: [ app_begin ] --START--
INFO: Run Behavior\ReadHtmlCacheBehavior [ RunTime:0.000449s ]
INFO: [ app_begin ] --END-- [ RunTime:0.000588s ]
NOTIC: [8192] mysql_connect(): The mysql extension is deprecated and will be removed in the future: use mysqli or PDO instead C:\wamp\www\ThinkPHP\Library\Think\Db\Driver\Mysql.class.php 第 52 行.
SQL: SHOW COLUMNS FROM `message` [ RunTime:0.001085s ]
ERR: 1146:Table 'xcx.message' doesn't exist
 [ SQL语句 ] : SHOW COLUMNS FROM `message`
NOTIC: [2] in_array() expects parameter 2 to be array, boolean given C:\wamp\www\ThinkPHP\Library\Think\Model.class.php 第 906 行.
NOTIC: [2] in_array() expects parameter 2 to be array, boolean given C:\wamp\www\ThinkPHP\Library\Think\Model.class.php 第 906 行.
INFO: [ app_end ] --START--
INFO: Run Behavior\ShowPageTraceBehavior [ RunTime:0.000591s ]
INFO: [ app_end ] --END-- [ RunTime:0.000755s ]

[ 2018-04-15T22:28:59+08:00 ] 122.206.190.18 /xcx/home/index/update
INFO: [ app_init ] --START--
INFO: Run Behavior\BuildLiteBehavior [ RunTime:0.000028s ]
INFO: [ app_init ] --END-- [ RunTime:0.000539s ]
INFO: [ app_begin ] --START--
INFO: Run Behavior\ReadHtmlCacheBehavior [ RunTime:0.000422s ]
INFO: [ app_begin ] --END-- [ RunTime:0.000600s ]
NOTIC: [8192] mysql_connect(): The mysql extension is deprecated and will be removed in the future: use mysqli or PDO instead C:\wamp\www\ThinkPHP\Library\Think\Db\Driver\Mysql.class.php 第 52 行.
SQL: SHOW COLUMNS FROM `message` [ RunTime:0.001094s ]
ERR: 1146:Table 'xcx.message' doesn't exist
 [ SQL语句 ] : SHOW COLUMNS FROM `message`
NOTIC: [2] in_array() expects parameter 2 to be array, boolean given C:\wamp\www\ThinkPHP\Library\Think\Model.class.php 第 906 行.
NOTIC: [2] in_array() expects parameter 2 to be array, boolean given C:\wamp\www\ThinkPHP\Library\Think\Model.class.php 第 906 行.
INFO: [ app_end ] --START--
INFO: Run Behavior\ShowPageTraceBehavior [ RunTime:0.000585s ]
INFO: [ app_end ] --END-- [ RunTime:0.000768s ]

[ 2018-04-15T22:29:08+08:00 ] 122.206.190.18 /xcx/
INFO: [ app_init ] --START--
INFO: Run Behavior\BuildLiteBehavior [ RunTime:0.000028s ]
INFO: [ app_init ] --END-- [ RunTime:0.000409s ]
INFO: [ app_begin ] --START--
INFO: Run Behavior\ReadHtmlCacheBehavior [ RunTime:0.000451s ]
INFO: [ app_begin ] --END-- [ RunTime:0.000611s ]
NOTIC: [8192] mysql_connect(): The mysql extension is deprecated and will be removed in the future: use mysqli or PDO instead C:\wamp\www\ThinkPHP\Library\Think\Db\Driver\Mysql.class.php 第 52 行.
SQL: SHOW COLUMNS FROM `message` [ RunTime:0.001104s ]
ERR: 1146:Table 'xcx.message' doesn't exist
 [ SQL语句 ] : SHOW COLUMNS FROM `message`
SQL: SELECT Message.message_id AS message_id,Message.content AS content FROM message Message  [ RunTime:0.000245s ]
ERR: 1146:Table 'xcx.message' doesn't exist
 [ SQL语句 ] : SELECT Message.message_id AS message_id,Message.content AS content FROM message Message 
INFO: [ app_end ] --START--
INFO: Run Behavior\ShowPageTraceBehavior [ RunTime:0.000610s ]
INFO: [ app_end ] --END-- [ RunTime:0.000783s ]

[ 2018-04-15T22:30:39+08:00 ] 223.104.105.223 /xcx/home/index/update
INFO: [ app_init ] --START--
INFO: Run Behavior\BuildLiteBehavior [ RunTime:0.000028s ]
INFO: [ app_init ] --END-- [ RunTime:0.000480s ]
INFO: [ app_begin ] --START--
INFO: Run Behavior\ReadHtmlCacheBehavior [ RunTime:0.000513s ]
INFO: [ app_begin ] --END-- [ RunTime:0.000648s ]
NOTIC: [8192] mysql_connect(): The mysql extension is deprecated and will be removed in the future: use mysqli or PDO instead C:\wamp\www\ThinkPHP\Library\Think\Db\Driver\Mysql.class.php 第 52 行.
SQL: SHOW COLUMNS FROM `message` [ RunTime:0.066838s ]
SQL: INSERT INTO `message` (`message_id`,`content`) VALUES (1,'ddd') [ RunTime:0.088374s ]
INFO: [ app_end ] --START--
INFO: Run Behavior\ShowPageTraceBehavior [ RunTime:0.000694s ]
INFO: [ app_end ] --END-- [ RunTime:0.000825s ]

[ 2018-04-15T22:33:15+08:00 ] 122.206.190.18 /xcx/
INFO: [ app_init ] --START--
INFO: Run Behavior\BuildLiteBehavior [ RunTime:0.000032s ]
INFO: [ app_init ] --END-- [ RunTime:0.001740s ]
INFO: [ app_begin ] --START--
INFO: Run Behavior\ReadHtmlCacheBehavior [ RunTime:0.001568s ]
INFO: [ app_begin ] --END-- [ RunTime:0.001956s ]
NOTIC: [8192] mysql_connect(): The mysql extension is deprecated and will be removed in the future: use mysqli or PDO instead C:\wamp\www\ThinkPHP\Library\Think\Db\Driver\Mysql.class.php 第 52 行.
SQL: SHOW COLUMNS FROM `message` [ RunTime:0.008456s ]
SQL: SELECT Message.message_id AS message_id,Message.content AS content FROM message Message  [ RunTime:0.000329s ]
NOTIC: [8] Array to string conversion C:\wamp\www\xcx\Application\Home\Controller\IndexController.class.php 第 14 行.
INFO: [ app_end ] --START--
INFO: Run Behavior\ShowPageTraceBehavior [ RunTime:0.004153s ]
INFO: [ app_end ] --END-- [ RunTime:0.004286s ]

[ 2018-04-15T22:36:51+08:00 ] 223.104.105.223 /xcx/home/index/update
INFO: [ app_init ] --START--
INFO: Run Behavior\BuildLiteBehavior [ RunTime:0.000028s ]
INFO: [ app_init ] --END-- [ RunTime:0.000476s ]
INFO: [ app_begin ] --START--
INFO: Run Behavior\ReadHtmlCacheBehavior [ RunTime:0.000523s ]
INFO: [ app_begin ] --END-- [ RunTime:0.000668s ]
NOTIC: [8192] mysql_connect(): The mysql extension is deprecated and will be removed in the future: use mysqli or PDO instead C:\wamp\www\ThinkPHP\Library\Think\Db\Driver\Mysql.class.php 第 52 行.
SQL: SHOW COLUMNS FROM `message` [ RunTime:0.034927s ]
SQL: INSERT INTO `message` (`message_id`,`content`) VALUES (1,'dd') [ RunTime:0.039250s ]
INFO: [ app_end ] --START--
INFO: Run Behavior\ShowPageTraceBehavior [ RunTime:0.000745s ]
INFO: [ app_end ] --END-- [ RunTime:0.000878s ]

[ 2018-04-15T22:37:25+08:00 ] 223.104.105.223 /xcx/home/index/update
INFO: [ app_init ] --START--
INFO: Run Behavior\BuildLiteBehavior [ RunTime:0.000029s ]
INFO: [ app_init ] --END-- [ RunTime:0.000412s ]
INFO: [ app_begin ] --START--
INFO: Run Behavior\ReadHtmlCacheBehavior [ RunTime:0.000457s ]
INFO: [ app_begin ] --END-- [ RunTime:0.000603s ]
NOTIC: [8192] mysql_connect(): The mysql extension is deprecated and will be removed in the future: use mysqli or PDO instead C:\wamp\www\ThinkPHP\Library\Think\Db\Driver\Mysql.class.php 第 52 行.
SQL: SHOW COLUMNS FROM `message` [ RunTime:0.006957s ]
SQL: INSERT INTO `message` (`message_id`,`content`) VALUES (1,'hh') [ RunTime:0.011299s ]
INFO: [ app_end ] --START--
INFO: Run Behavior\ShowPageTraceBehavior [ RunTime:0.000638s ]
INFO: [ app_end ] --END-- [ RunTime:0.000777s ]

[ 2018-04-15T22:37:26+08:00 ] 223.104.105.223 /xcx/
INFO: [ app_init ] --START--
INFO: Run Behavior\BuildLiteBehavior [ RunTime:0.000027s ]
INFO: [ app_init ] --END-- [ RunTime:0.000461s ]
INFO: [ app_begin ] --START--
INFO: Run Behavior\ReadHtmlCacheBehavior [ RunTime:0.000684s ]
INFO: [ app_begin ] --END-- [ RunTime:0.000822s ]
NOTIC: [8192] mysql_connect(): The mysql extension is deprecated and will be removed in the future: use mysqli or PDO instead C:\wamp\www\ThinkPHP\Library\Think\Db\Driver\Mysql.class.php 第 52 行.
SQL: SHOW COLUMNS FROM `message` [ RunTime:0.002120s ]
SQL: SELECT Message.message_id AS message_id,Message.content AS content FROM message Message  [ RunTime:0.000206s ]

[ 2018-04-15T22:38:07+08:00 ] 223.104.105.223 /xcx/home/index/update
INFO: [ app_init ] --START--
INFO: Run Behavior\BuildLiteBehavior [ RunTime:0.000028s ]
INFO: [ app_init ] --END-- [ RunTime:0.000440s ]
INFO: [ app_begin ] --START--
INFO: Run Behavior\ReadHtmlCacheBehavior [ RunTime:0.000533s ]
INFO: [ app_begin ] --END-- [ RunTime:0.000679s ]
NOTIC: [8192] mysql_connect(): The mysql extension is deprecated and will be removed in the future: use mysqli or PDO instead C:\wamp\www\ThinkPHP\Library\Think\Db\Driver\Mysql.class.php 第 52 行.
SQL: SHOW COLUMNS FROM `message` [ RunTime:0.002695s ]
SQL: INSERT INTO `message` (`message_id`,`content`) VALUES (1,'lala') [ RunTime:0.011972s ]
INFO: [ app_end ] --START--
INFO: Run Behavior\ShowPageTraceBehavior [ RunTime:0.000689s ]
INFO: [ app_end ] --END-- [ RunTime:0.000822s ]

[ 2018-04-15T22:38:57+08:00 ] 122.206.190.18 /xcx/
INFO: [ app_init ] --START--
INFO: Run Behavior\BuildLiteBehavior [ RunTime:0.000029s ]
INFO: [ app_init ] --END-- [ RunTime:0.000435s ]
INFO: [ app_begin ] --START--
INFO: Run Behavior\ReadHtmlCacheBehavior [ RunTime:0.000555s ]
INFO: [ app_begin ] --END-- [ RunTime:0.000689s ]
NOTIC: [8192] mysql_connect(): The mysql extension is deprecated and will be removed in the future: use mysqli or PDO instead C:\wamp\www\ThinkPHP\Library\Think\Db\Driver\Mysql.class.php 第 52 行.
SQL: SHOW COLUMNS FROM `message` [ RunTime:0.001146s ]
SQL: SELECT Message.message_id AS message_id,Message.content AS content FROM message Message  [ RunTime:0.000217s ]

[ 2018-04-15T23:13:17+08:00 ] 223.104.105.223 /xcx/
INFO: [ app_init ] --START--
INFO: Run Behavior\BuildLiteBehavior [ RunTime:0.000031s ]
INFO: [ app_init ] --END-- [ RunTime:0.002032s ]
INFO: [ app_begin ] --START--
INFO: Run Behavior\ReadHtmlCacheBehavior [ RunTime:0.008455s ]
INFO: [ app_begin ] --END-- [ RunTime:0.008644s ]
NOTIC: [8192] mysql_connect(): The mysql extension is deprecated and will be removed in the future: use mysqli or PDO instead C:\wamp\www\ThinkPHP\Library\Think\Db\Driver\Mysql.class.php 第 52 行.
SQL: SHOW COLUMNS FROM `message` [ RunTime:0.001450s ]
SQL: SELECT Message.message_id AS message_id,Message.content AS content FROM message Message  [ RunTime:0.000237s ]
INFO: [ app_end ] --START--
INFO: Run Behavior\ShowPageTraceBehavior [ RunTime:0.014588s ]
INFO: [ app_end ] --END-- [ RunTime:0.014739s ]

[ 2018-04-15T23:13:32+08:00 ] 223.104.105.223 /xcx/home/index/update
INFO: [ app_init ] --START--
INFO: Run Behavior\BuildLiteBehavior [ RunTime:0.000029s ]
INFO: [ app_init ] --END-- [ RunTime:0.000428s ]
INFO: [ app_begin ] --START--
INFO: Run Behavior\ReadHtmlCacheBehavior [ RunTime:0.000403s ]
INFO: [ app_begin ] --END-- [ RunTime:0.000538s ]
NOTIC: [8192] mysql_connect(): The mysql extension is deprecated and will be removed in the future: use mysqli or PDO instead C:\wamp\www\ThinkPHP\Library\Think\Db\Driver\Mysql.class.php 第 52 行.
SQL: SHOW COLUMNS FROM `message` [ RunTime:0.001233s ]
SQL: INSERT INTO `message` (`message_id`,`content`) VALUES (1,'dhh') [ RunTime:0.027325s ]
INFO: [ app_end ] --START--
INFO: Run Behavior\ShowPageTraceBehavior [ RunTime:0.000702s ]
INFO: [ app_end ] --END-- [ RunTime:0.000836s ]

[ 2018-04-15T23:14:29+08:00 ] 223.104.105.223 /xcx/
INFO: [ app_init ] --START--
INFO: Run Behavior\BuildLiteBehavior [ RunTime:0.000029s ]
INFO: [ app_init ] --END-- [ RunTime:0.000434s ]
INFO: [ app_begin ] --START--
INFO: Run Behavior\ReadHtmlCacheBehavior [ RunTime:0.000542s ]
INFO: [ app_begin ] --END-- [ RunTime:0.000680s ]
NOTIC: [8192] mysql_connect(): The mysql extension is deprecated and will be removed in the future: use mysqli or PDO instead C:\wamp\www\ThinkPHP\Library\Think\Db\Driver\Mysql.class.php 第 52 行.
SQL: SHOW COLUMNS FROM `message` [ RunTime:0.014785s ]
SQL: SELECT Message.message_id AS message_id,Message.content AS content FROM message Message  [ RunTime:0.000232s ]
INFO: [ app_end ] --START--
INFO: Run Behavior\ShowPageTraceBehavior [ RunTime:0.000660s ]
INFO: [ app_end ] --END-- [ RunTime:0.000794s ]

[ 2018-04-15T23:14:37+08:00 ] 223.104.105.223 /xcx/home/index/update
INFO: [ app_init ] --START--
INFO: Run Behavior\BuildLiteBehavior [ RunTime:0.000029s ]
INFO: [ app_init ] --END-- [ RunTime:0.000494s ]
INFO: [ app_begin ] --START--
INFO: Run Behavior\ReadHtmlCacheBehavior [ RunTime:0.000692s ]
INFO: [ app_begin ] --END-- [ RunTime:0.000838s ]
NOTIC: [8192] mysql_connect(): The mysql extension is deprecated and will be removed in the future: use mysqli or PDO instead C:\wamp\www\ThinkPHP\Library\Think\Db\Driver\Mysql.class.php 第 52 行.
SQL: SHOW COLUMNS FROM `message` [ RunTime:0.001166s ]
SQL: INSERT INTO `message` (`message_id`,`content`) VALUES (1,'jhh') [ RunTime:0.024834s ]
INFO: [ app_end ] --START--
INFO: Run Behavior\ShowPageTraceBehavior [ RunTime:0.000727s ]
INFO: [ app_end ] --END-- [ RunTime:0.000883s ]

[ 2018-04-15T23:16:19+08:00 ] 223.104.105.223 /xcx/
INFO: [ app_init ] --START--
INFO: Run Behavior\BuildLiteBehavior [ RunTime:0.000027s ]
INFO: [ app_init ] --END-- [ RunTime:0.000450s ]
INFO: [ app_begin ] --START--
INFO: Run Behavior\ReadHtmlCacheBehavior [ RunTime:0.000493s ]
INFO: [ app_begin ] --END-- [ RunTime:0.000628s ]
NOTIC: [8192] mysql_connect(): The mysql extension is deprecated and will be removed in the future: use mysqli or PDO instead C:\wamp\www\ThinkPHP\Library\Think\Db\Driver\Mysql.class.php 第 52 行.
SQL: SHOW COLUMNS FROM `message` [ RunTime:0.001387s ]
SQL: SELECT Message.message_id AS message_id,Message.content AS content FROM message Message  [ RunTime:0.000217s ]
INFO: [ app_end ] --START--
INFO: Run Behavior\ShowPageTraceBehavior [ RunTime:0.000582s ]
INFO: [ app_end ] --END-- [ RunTime:0.000777s ]

[ 2018-04-15T23:17:59+08:00 ] 223.104.105.223 /xcx/
INFO: [ app_init ] --START--
INFO: Run Behavior\BuildLiteBehavior [ RunTime:0.000028s ]
INFO: [ app_init ] --END-- [ RunTime:0.000424s ]
INFO: [ app_begin ] --START--
INFO: Run Behavior\ReadHtmlCacheBehavior [ RunTime:0.000541s ]
INFO: [ app_begin ] --END-- [ RunTime:0.000687s ]
NOTIC: [8192] mysql_connect(): The mysql extension is deprecated and will be removed in the future: use mysqli or PDO instead C:\wamp\www\ThinkPHP\Library\Think\Db\Driver\Mysql.class.php 第 52 行.
SQL: SHOW COLUMNS FROM `message` [ RunTime:0.001223s ]
SQL: SELECT Message.message_id AS message_id,Message.content AS content FROM message Message  [ RunTime:0.000216s ]
INFO: [ app_end ] --START--
INFO: Run Behavior\ShowPageTraceBehavior [ RunTime:0.000613s ]
INFO: [ app_end ] --END-- [ RunTime:0.000752s ]

[ 2018-04-15T23:18:50+08:00 ] 223.104.105.223 /xcx/
INFO: [ app_init ] --START--
INFO: Run Behavior\BuildLiteBehavior [ RunTime:0.000029s ]
INFO: [ app_init ] --END-- [ RunTime:0.000459s ]
INFO: [ app_begin ] --START--
INFO: Run Behavior\ReadHtmlCacheBehavior [ RunTime:0.000478s ]
INFO: [ app_begin ] --END-- [ RunTime:0.000615s ]
NOTIC: [8192] mysql_connect(): The mysql extension is deprecated and will be removed in the future: use mysqli or PDO instead C:\wamp\www\ThinkPHP\Library\Think\Db\Driver\Mysql.class.php 第 52 行.
SQL: SHOW COLUMNS FROM `message` [ RunTime:0.002906s ]
SQL: SELECT Message.message_id AS message_id,Message.content AS content FROM message Message  [ RunTime:0.000220s ]
INFO: [ app_end ] --START--
INFO: Run Behavior\ShowPageTraceBehavior [ RunTime:0.000619s ]
INFO: [ app_end ] --END-- [ RunTime:0.000755s ]

[ 2018-04-15T23:20:51+08:00 ] 223.104.105.223 /xcx/
INFO: [ app_init ] --START--
INFO: Run Behavior\BuildLiteBehavior [ RunTime:0.000027s ]
INFO: [ app_init ] --END-- [ RunTime:0.000422s ]
INFO: [ app_begin ] --START--
INFO: Run Behavior\ReadHtmlCacheBehavior [ RunTime:0.000555s ]
INFO: [ app_begin ] --END-- [ RunTime:0.000693s ]
NOTIC: [8192] mysql_connect(): The mysql extension is deprecated and will be removed in the future: use mysqli or PDO instead C:\wamp\www\ThinkPHP\Library\Think\Db\Driver\Mysql.class.php 第 52 行.
SQL: SHOW COLUMNS FROM `message` [ RunTime:0.001196s ]
SQL: SELECT Message.message_id AS message_id,Message.content AS content FROM message Message  [ RunTime:0.000222s ]
INFO: [ app_end ] --START--
INFO: Run Behavior\ShowPageTraceBehavior [ RunTime:0.000874s ]
INFO: [ app_end ] --END-- [ RunTime:0.001010s ]

[ 2018-04-15T23:32:23+08:00 ] 223.104.105.223 /xcx/
INFO: [ app_init ] --START--
INFO: Run Behavior\BuildLiteBehavior [ RunTime:0.000036s ]
INFO: [ app_init ] --END-- [ RunTime:0.000431s ]
INFO: [ app_begin ] --START--
INFO: Run Behavior\ReadHtmlCacheBehavior [ RunTime:0.000457s ]
INFO: [ app_begin ] --END-- [ RunTime:0.000591s ]
NOTIC: [8192] mysql_connect(): The mysql extension is deprecated and will be removed in the future: use mysqli or PDO instead C:\wamp\www\ThinkPHP\Library\Think\Db\Driver\Mysql.class.php 第 52 行.
SQL: SHOW COLUMNS FROM `message` [ RunTime:0.003384s ]
SQL: SELECT Message.message_id AS message_id,Message.content AS content FROM message Message  [ RunTime:0.000212s ]
INFO: [ app_end ] --START--
INFO: Run Behavior\ShowPageTraceBehavior [ RunTime:0.000559s ]
INFO: [ app_end ] --END-- [ RunTime:0.000692s ]

[ 2018-04-15T23:34:30+08:00 ] 223.104.105.223 /xcx/home/index/update
INFO: [ app_init ] --START--
INFO: Run Behavior\BuildLiteBehavior [ RunTime:0.000027s ]
INFO: [ app_init ] --END-- [ RunTime:0.000502s ]
INFO: [ app_begin ] --START--
INFO: Run Behavior\ReadHtmlCacheBehavior [ RunTime:0.000493s ]
INFO: [ app_begin ] --END-- [ RunTime:0.000630s ]
NOTIC: [8192] mysql_connect(): The mysql extension is deprecated and will be removed in the future: use mysqli or PDO instead C:\wamp\www\ThinkPHP\Library\Think\Db\Driver\Mysql.class.php 第 52 行.
SQL: SHOW COLUMNS FROM `message` [ RunTime:0.001200s ]
SQL: INSERT INTO `message` (`message_id`,`content`) VALUES (1,'hh') [ RunTime:0.010539s ]
INFO: [ app_end ] --START--
INFO: Run Behavior\ShowPageTraceBehavior [ RunTime:0.000623s ]
INFO: [ app_end ] --END-- [ RunTime:0.000799s ]

[ 2018-04-15T23:34:37+08:00 ] 223.104.105.223 /xcx/home/index/update
INFO: [ app_init ] --START--
INFO: Run Behavior\BuildLiteBehavior [ RunTime:0.000028s ]
INFO: [ app_init ] --END-- [ RunTime:0.000391s ]
INFO: [ app_begin ] --START--
INFO: Run Behavior\ReadHtmlCacheBehavior [ RunTime:0.000408s ]
INFO: [ app_begin ] --END-- [ RunTime:0.000552s ]
NOTIC: [8192] mysql_connect(): The mysql extension is deprecated and will be removed in the future: use mysqli or PDO instead C:\wamp\www\ThinkPHP\Library\Think\Db\Driver\Mysql.class.php 第 52 行.
SQL: SHOW COLUMNS FROM `message` [ RunTime:0.001574s ]
SQL: INSERT INTO `message` (`message_id`,`content`) VALUES (1,'') [ RunTime:0.010008s ]
INFO: [ app_end ] --START--
INFO: Run Behavior\ShowPageTraceBehavior [ RunTime:0.000618s ]
INFO: [ app_end ] --END-- [ RunTime:0.000749s ]

[ 2018-04-15T23:34:43+08:00 ] 223.104.105.223 /xcx/
INFO: [ app_init ] --START--
INFO: Run Behavior\BuildLiteBehavior [ RunTime:0.000028s ]
INFO: [ app_init ] --END-- [ RunTime:0.000431s ]
INFO: [ app_begin ] --START--
INFO: Run Behavior\ReadHtmlCacheBehavior [ RunTime:0.000713s ]
INFO: [ app_begin ] --END-- [ RunTime:0.000851s ]
NOTIC: [8192] mysql_connect(): The mysql extension is deprecated and will be removed in the future: use mysqli or PDO instead C:\wamp\www\ThinkPHP\Library\Think\Db\Driver\Mysql.class.php 第 52 行.
SQL: SHOW COLUMNS FROM `message` [ RunTime:0.002534s ]
SQL: SELECT Message.message_id AS message_id,Message.content AS content FROM message Message  [ RunTime:0.000237s ]
INFO: [ app_end ] --START--
INFO: Run Behavior\ShowPageTraceBehavior [ RunTime:0.000655s ]
INFO: [ app_end ] --END-- [ RunTime:0.000789s ]

[ 2018-04-15T23:34:58+08:00 ] 223.104.105.223 /xcx/home/index/update
INFO: [ app_init ] --START--
INFO: Run Behavior\BuildLiteBehavior [ RunTime:0.000027s ]
INFO: [ app_init ] --END-- [ RunTime:0.000419s ]
INFO: [ app_begin ] --START--
INFO: Run Behavior\ReadHtmlCacheBehavior [ RunTime:0.000712s ]
INFO: [ app_begin ] --END-- [ RunTime:0.000863s ]
NOTIC: [8192] mysql_connect(): The mysql extension is deprecated and will be removed in the future: use mysqli or PDO instead C:\wamp\www\ThinkPHP\Library\Think\Db\Driver\Mysql.class.php 第 52 行.
SQL: SHOW COLUMNS FROM `message` [ RunTime:0.001512s ]
SQL: INSERT INTO `message` (`message_id`,`content`) VALUES (1,'哈哈哈哈😄 ') [ RunTime:0.013542s ]
INFO: [ app_end ] --START--
INFO: Run Behavior\ShowPageTraceBehavior [ RunTime:0.000756s ]
INFO: [ app_end ] --END-- [ RunTime:0.000892s ]

[ 2018-04-15T23:35:23+08:00 ] 223.104.105.223 /xcx/
INFO: [ app_init ] --START--
INFO: Run Behavior\BuildLiteBehavior [ RunTime:0.000028s ]
INFO: [ app_init ] --END-- [ RunTime:0.000458s ]
INFO: [ app_begin ] --START--
INFO: Run Behavior\ReadHtmlCacheBehavior [ RunTime:0.000403s ]
INFO: [ app_begin ] --END-- [ RunTime:0.000541s ]
NOTIC: [8192] mysql_connect(): The mysql extension is deprecated and will be removed in the future: use mysqli or PDO instead C:\wamp\www\ThinkPHP\Library\Think\Db\Driver\Mysql.class.php 第 52 行.
SQL: SHOW COLUMNS FROM `message` [ RunTime:0.001294s ]
SQL: SELECT Message.message_id AS message_id,Message.content AS content FROM message Message  [ RunTime:0.000279s ]
INFO: [ app_end ] --START--
INFO: Run Behavior\ShowPageTraceBehavior [ RunTime:0.000775s ]
INFO: [ app_end ] --END-- [ RunTime:0.000911s ]

[ 2018-04-15T23:36:49+08:00 ] 223.104.105.223 /xcx/
INFO: [ app_init ] --START--
INFO: Run Behavior\BuildLiteBehavior [ RunTime:0.000028s ]
INFO: [ app_init ] --END-- [ RunTime:0.000465s ]
INFO: [ app_begin ] --START--
INFO: Run Behavior\ReadHtmlCacheBehavior [ RunTime:0.000558s ]
INFO: [ app_begin ] --END-- [ RunTime:0.000740s ]
NOTIC: [8192] mysql_connect(): The mysql extension is deprecated and will be removed in the future: use mysqli or PDO instead C:\wamp\www\ThinkPHP\Library\Think\Db\Driver\Mysql.class.php 第 52 行.
SQL: SHOW COLUMNS FROM `message` [ RunTime:0.001339s ]
SQL: SELECT Message.message_id AS message_id,Message.content AS content FROM message Message  [ RunTime:0.000241s ]
INFO: [ app_end ] --START--
INFO: Run Behavior\ShowPageTraceBehavior [ RunTime:0.000668s ]
INFO: [ app_end ] --END-- [ RunTime:0.000805s ]

