[ 2018-04-24T20:50:35+08:00 ] 122.206.190.18 /xcx/home/index/upload
INFO: [ app_init ] --START--
INFO: Run Behavior\BuildLiteBehavior [ RunTime:0.000037s ]
INFO: [ app_init ] --END-- [ RunTime:0.015821s ]
INFO: [ app_begin ] --START--
INFO: Run Behavior\ReadHtmlCacheBehavior [ RunTime:0.002117s ]
INFO: [ app_begin ] --END-- [ RunTime:0.002266s ]
INFO: [ app_end ] --START--
INFO: Run Behavior\ShowPageTraceBehavior [ RunTime:0.004458s ]
INFO: [ app_end ] --END-- [ RunTime:0.004612s ]

[ 2018-04-24T21:09:13+08:00 ] 106.120.160.109 /xcx/home/index/upload
INFO: [ app_init ] --START--
INFO: Run Behavior\BuildLiteBehavior [ RunTime:0.000030s ]
INFO: [ app_init ] --END-- [ RunTime:0.000497s ]
INFO: [ app_begin ] --START--
INFO: Run Behavior\ReadHtmlCacheBehavior [ RunTime:0.000553s ]
INFO: [ app_begin ] --END-- [ RunTime:0.000703s ]
INFO: [ app_end ] --START--
INFO: Run Behavior\ShowPageTraceBehavior [ RunTime:0.000543s ]
INFO: [ app_end ] --END-- [ RunTime:0.000672s ]

[ 2018-04-24T21:22:20+08:00 ] 122.206.190.18 /xcx/home/index/upload
INFO: [ app_init ] --START--
INFO: Run Behavior\BuildLiteBehavior [ RunTime:0.000030s ]
INFO: [ app_init ] --END-- [ RunTime:0.000457s ]
INFO: [ app_begin ] --START--
INFO: Run Behavior\ReadHtmlCacheBehavior [ RunTime:0.000546s ]
INFO: [ app_begin ] --END-- [ RunTime:0.000680s ]

[ 2018-04-24T21:23:04+08:00 ] 122.206.190.18 /xcx/home/index/upload
INFO: [ app_init ] --START--
INFO: Run Behavior\BuildLiteBehavior [ RunTime:0.000029s ]
INFO: [ app_init ] --END-- [ RunTime:0.000474s ]
INFO: [ app_begin ] --START--
INFO: Run Behavior\ReadHtmlCacheBehavior [ RunTime:0.000487s ]
INFO: [ app_begin ] --END-- [ RunTime:0.000654s ]

[ 2018-04-24T21:23:04+08:00 ] 122.206.190.18 /xcx/home/index/upload
INFO: [ app_init ] --START--
INFO: Run Behavior\BuildLiteBehavior [ RunTime:0.000027s ]
INFO: [ app_init ] --END-- [ RunTime:0.000417s ]
INFO: [ app_begin ] --START--
INFO: Run Behavior\ReadHtmlCacheBehavior [ RunTime:0.000435s ]
INFO: [ app_begin ] --END-- [ RunTime:0.000567s ]

[ 2018-04-24T21:23:05+08:00 ] 122.206.190.18 /xcx/home/index/upload
INFO: [ app_init ] --START--
INFO: Run Behavior\BuildLiteBehavior [ RunTime:0.000027s ]
INFO: [ app_init ] --END-- [ RunTime:0.000390s ]
INFO: [ app_begin ] --START--
INFO: Run Behavior\ReadHtmlCacheBehavior [ RunTime:0.000465s ]
INFO: [ app_begin ] --END-- [ RunTime:0.000616s ]

[ 2018-04-24T21:23:05+08:00 ] 122.206.190.18 /xcx/home/index/upload
INFO: [ app_init ] --START--
INFO: Run Behavior\BuildLiteBehavior [ RunTime:0.000075s ]
INFO: [ app_init ] --END-- [ RunTime:0.000452s ]
INFO: [ app_begin ] --START--
INFO: Run Behavior\ReadHtmlCacheBehavior [ RunTime:0.000543s ]
INFO: [ app_begin ] --END-- [ RunTime:0.000680s ]

[ 2018-04-24T21:23:20+08:00 ] 122.206.190.18 /xcx/home/index/index/upload
INFO: [ app_init ] --START--
INFO: Run Behavior\BuildLiteBehavior [ RunTime:0.000027s ]
INFO: [ app_init ] --END-- [ RunTime:0.000450s ]
INFO: [ app_begin ] --START--
INFO: Run Behavior\ReadHtmlCacheBehavior [ RunTime:0.000455s ]
INFO: [ app_begin ] --END-- [ RunTime:0.000588s ]

[ 2018-04-24T21:23:42+08:00 ] 122.206.190.18 /xcx/home/index/index/
INFO: [ app_init ] --START--
INFO: Run Behavior\BuildLiteBehavior [ RunTime:0.000028s ]
INFO: [ app_init ] --END-- [ RunTime:0.000404s ]
INFO: [ app_begin ] --START--
INFO: Run Behavior\ReadHtmlCacheBehavior [ RunTime:0.000542s ]
INFO: [ app_begin ] --END-- [ RunTime:0.000675s ]

[ 2018-04-24T21:25:49+08:00 ] 122.206.190.18 /xcx/home/index/index/
INFO: [ app_init ] --START--
INFO: Run Behavior\BuildLiteBehavior [ RunTime:0.000033s ]
INFO: [ app_init ] --END-- [ RunTime:0.013211s ]
INFO: [ app_begin ] --START--
INFO: Run Behavior\ReadHtmlCacheBehavior [ RunTime:0.003385s ]
INFO: [ app_begin ] --END-- [ RunTime:0.003541s ]

[ 2018-04-24T21:25:53+08:00 ] 122.206.190.18 /xcx/
INFO: [ app_init ] --START--
INFO: Run Behavior\BuildLiteBehavior [ RunTime:0.000076s ]
INFO: [ app_init ] --END-- [ RunTime:0.000472s ]
INFO: [ app_begin ] --START--
INFO: Run Behavior\ReadHtmlCacheBehavior [ RunTime:0.000466s ]
INFO: [ app_begin ] --END-- [ RunTime:0.000602s ]

[ 2018-04-24T21:26:51+08:00 ] 122.206.190.18 /xcx/
INFO: [ app_init ] --START--
INFO: Run Behavior\BuildLiteBehavior [ RunTime:0.000027s ]
INFO: [ app_init ] --END-- [ RunTime:0.000436s ]
INFO: [ app_begin ] --START--
INFO: Run Behavior\ReadHtmlCacheBehavior [ RunTime:0.000442s ]
INFO: [ app_begin ] --END-- [ RunTime:0.000574s ]
NOTIC: [8192] mysql_connect(): The mysql extension is deprecated and will be removed in the future: use mysqli or PDO instead C:\wamp\www\ThinkPHP\Library\Think\Db\Driver\Mysql.class.php 第 52 行.
SQL: SHOW COLUMNS FROM `message` [ RunTime:0.180467s ]
SQL: SELECT Message.message_id AS message_id,Message.content AS content FROM message Message  [ RunTime:0.004702s ]

[ 2018-04-24T21:27:04+08:00 ] 122.206.190.18 /xcx/home/index/upload
INFO: [ app_init ] --START--
INFO: Run Behavior\BuildLiteBehavior [ RunTime:0.000029s ]
INFO: [ app_init ] --END-- [ RunTime:0.000422s ]
INFO: [ app_begin ] --START--
INFO: Run Behavior\ReadHtmlCacheBehavior [ RunTime:0.000462s ]
INFO: [ app_begin ] --END-- [ RunTime:0.000596s ]
INFO: [ app_end ] --START--
INFO: Run Behavior\ShowPageTraceBehavior [ RunTime:0.003213s ]
INFO: [ app_end ] --END-- [ RunTime:0.003383s ]

[ 2018-04-24T21:28:18+08:00 ] 122.206.190.18 /xcx/home/index/upload
INFO: [ app_init ] --START--
INFO: Run Behavior\BuildLiteBehavior [ RunTime:0.000027s ]
INFO: [ app_init ] --END-- [ RunTime:0.000471s ]
INFO: [ app_begin ] --START--
INFO: Run Behavior\ReadHtmlCacheBehavior [ RunTime:0.000562s ]
INFO: [ app_begin ] --END-- [ RunTime:0.000694s ]

[ 2018-04-24T21:28:19+08:00 ] 122.206.190.18 /xcx/home/index/upload
INFO: [ app_init ] --START--
INFO: Run Behavior\BuildLiteBehavior [ RunTime:0.000027s ]
INFO: [ app_init ] --END-- [ RunTime:0.000402s ]
INFO: [ app_begin ] --START--
INFO: Run Behavior\ReadHtmlCacheBehavior [ RunTime:0.000562s ]
INFO: [ app_begin ] --END-- [ RunTime:0.000718s ]

[ 2018-04-24T21:52:59+08:00 ] 106.120.160.109 /xcx/home/index/index/
INFO: [ app_init ] --START--
INFO: Run Behavior\BuildLiteBehavior [ RunTime:0.000029s ]
INFO: [ app_init ] --END-- [ RunTime:0.000625s ]
INFO: [ app_begin ] --START--
INFO: Run Behavior\ReadHtmlCacheBehavior [ RunTime:0.000589s ]
INFO: [ app_begin ] --END-- [ RunTime:0.000721s ]

[ 2018-04-24T22:22:41+08:00 ] 122.206.190.18 /xcx/home/index/upload
INFO: [ app_init ] --START--
INFO: Run Behavior\BuildLiteBehavior [ RunTime:0.000049s ]
INFO: [ app_init ] --END-- [ RunTime:0.000516s ]
INFO: [ app_begin ] --START--
INFO: Run Behavior\ReadHtmlCacheBehavior [ RunTime:0.000579s ]
INFO: [ app_begin ] --END-- [ RunTime:0.000741s ]

[ 2018-04-24T22:23:01+08:00 ] 122.206.190.18 /xcx/home/index/upload
INFO: [ app_init ] --START--
INFO: Run Behavior\BuildLiteBehavior [ RunTime:0.000026s ]
INFO: [ app_init ] --END-- [ RunTime:0.000404s ]
INFO: [ app_begin ] --START--
INFO: Run Behavior\ReadHtmlCacheBehavior [ RunTime:0.000512s ]
INFO: [ app_begin ] --END-- [ RunTime:0.000652s ]

[ 2018-04-24T22:23:48+08:00 ] 122.206.190.18 /xcx/home/index/upload
INFO: [ app_init ] --START--
INFO: Run Behavior\BuildLiteBehavior [ RunTime:0.000027s ]
INFO: [ app_init ] --END-- [ RunTime:0.000429s ]
INFO: [ app_begin ] --START--
INFO: Run Behavior\ReadHtmlCacheBehavior [ RunTime:0.000446s ]
INFO: [ app_begin ] --END-- [ RunTime:0.000578s ]
ERR: 模板不存在:./Application/Home/View/Index/upload.html

[ 2018-04-24T22:25:00+08:00 ] 122.206.190.18 /xcx/home/index/upload
INFO: [ app_init ] --START--
INFO: Run Behavior\BuildLiteBehavior [ RunTime:0.000028s ]
INFO: [ app_init ] --END-- [ RunTime:0.000460s ]
INFO: [ app_begin ] --START--
INFO: Run Behavior\ReadHtmlCacheBehavior [ RunTime:0.000553s ]
INFO: [ app_begin ] --END-- [ RunTime:0.000684s ]
INFO: [ view_parse ] --START--
INFO: [ template_filter ] --START--
INFO: Run Behavior\ContentReplaceBehavior [ RunTime:0.000076s ]
INFO: [ template_filter ] --END-- [ RunTime:0.000312s ]
INFO: Run Behavior\ParseTemplateBehavior [ RunTime:0.277244s ]
INFO: [ view_parse ] --END-- [ RunTime:0.277455s ]
INFO: [ view_filter ] --START--
INFO: Run Behavior\WriteHtmlCacheBehavior [ RunTime:0.044679s ]
INFO: [ view_filter ] --END-- [ RunTime:0.044912s ]

[ 2018-04-24T22:25:03+08:00 ] 122.206.190.18 /xcx/
INFO: [ app_init ] --START--
INFO: Run Behavior\BuildLiteBehavior [ RunTime:0.000030s ]
INFO: [ app_init ] --END-- [ RunTime:0.000479s ]
INFO: [ app_begin ] --START--
INFO: Run Behavior\ReadHtmlCacheBehavior [ RunTime:0.000515s ]
INFO: [ app_begin ] --END-- [ RunTime:0.000691s ]
NOTIC: [8192] mysql_connect(): The mysql extension is deprecated and will be removed in the future: use mysqli or PDO instead C:\wamp\www\ThinkPHP\Library\Think\Db\Driver\Mysql.class.php 第 52 行.
SQL: SHOW COLUMNS FROM `message` [ RunTime:0.018130s ]
SQL: SELECT Message.message_id AS message_id,Message.content AS content FROM message Message  [ RunTime:0.000426s ]

[ 2018-04-24T22:34:04+08:00 ] 122.206.190.18 /xcx/home/index/upload
INFO: [ app_init ] --START--
INFO: Run Behavior\BuildLiteBehavior [ RunTime:0.000052s ]
INFO: [ app_init ] --END-- [ RunTime:0.005350s ]
INFO: [ app_begin ] --START--
INFO: Run Behavior\ReadHtmlCacheBehavior [ RunTime:0.003180s ]
INFO: [ app_begin ] --END-- [ RunTime:0.003336s ]
NOTIC: [8] Undefined variable: uploadOne C:\wamp\www\xcx\Application\Home\Controller\IndexController.class.php 第 47 行.

[ 2018-04-24T22:34:36+08:00 ] 122.206.190.18 /xcx/home/index/upload
INFO: [ app_init ] --START--
INFO: Run Behavior\BuildLiteBehavior [ RunTime:0.000043s ]
INFO: [ app_init ] --END-- [ RunTime:0.000529s ]
INFO: [ app_begin ] --START--
INFO: Run Behavior\ReadHtmlCacheBehavior [ RunTime:0.000458s ]
INFO: [ app_begin ] --END-- [ RunTime:0.000622s ]
NOTIC: [8] Undefined variable: uploadOne C:\wamp\www\xcx\Application\Home\Controller\IndexController.class.php 第 47 行.

[ 2018-04-24T22:35:15+08:00 ] 122.206.190.18 /xcx/home/index/upload
INFO: [ app_init ] --START--
INFO: Run Behavior\BuildLiteBehavior [ RunTime:0.000063s ]
INFO: [ app_init ] --END-- [ RunTime:0.000703s ]
INFO: [ app_begin ] --START--
INFO: Run Behavior\ReadHtmlCacheBehavior [ RunTime:0.000671s ]
INFO: [ app_begin ] --END-- [ RunTime:0.000820s ]

[ 2018-04-24T22:35:28+08:00 ] 122.206.190.18 /xcx/home/index/upload
INFO: [ app_init ] --START--
INFO: Run Behavior\BuildLiteBehavior [ RunTime:0.000060s ]
INFO: [ app_init ] --END-- [ RunTime:0.000442s ]
INFO: [ app_begin ] --START--
INFO: Run Behavior\ReadHtmlCacheBehavior [ RunTime:0.000430s ]
INFO: [ app_begin ] --END-- [ RunTime:0.000573s ]
NOTIC: [8] Undefined variable: uploadOne C:\wamp\www\xcx\Application\Home\Controller\IndexController.class.php 第 47 行.

[ 2018-04-24T22:35:39+08:00 ] 122.206.190.18 /xcx/home/index/upload
INFO: [ app_init ] --START--
INFO: Run Behavior\BuildLiteBehavior [ RunTime:0.000027s ]
INFO: [ app_init ] --END-- [ RunTime:0.000497s ]
INFO: [ app_begin ] --START--
INFO: Run Behavior\ReadHtmlCacheBehavior [ RunTime:0.000477s ]
INFO: [ app_begin ] --END-- [ RunTime:0.000657s ]
NOTIC: [2] Illegal string offset 'name' C:\wamp\www\ThinkPHP\Library\Think\Upload.class.php 第 229 行.
NOTIC: [2] Illegal string offset 'key' C:\wamp\www\ThinkPHP\Library\Think\Upload.class.php 第 148 行.
NOTIC: [2] Illegal string offset 'tmp_name' C:\wamp\www\ThinkPHP\Library\Think\Upload.class.php 第 151 行.
NOTIC: [2] finfo_file(0): failed to open stream: No such file or directory C:\wamp\www\ThinkPHP\Library\Think\Upload.class.php 第 151 行.
NOTIC: [2] Illegal string offset 'type' C:\wamp\www\ThinkPHP\Library\Think\Upload.class.php 第 151 行.
NOTIC: [2] Illegal string offset 'name' C:\wamp\www\ThinkPHP\Library\Think\Upload.class.php 第 155 行.
NOTIC: [2] Illegal string offset 'ext' C:\wamp\www\ThinkPHP\Library\Think\Upload.class.php 第 155 行.
NOTIC: [2] Illegal string offset 'error' C:\wamp\www\ThinkPHP\Library\Think\Upload.class.php 第 268 行.
NOTIC: [2] Illegal string offset 'error' C:\wamp\www\ThinkPHP\Library\Think\Upload.class.php 第 269 行.
INFO: [ view_parse ] --START--
INFO: [ template_filter ] --START--
INFO: Run Behavior\ContentReplaceBehavior [ RunTime:0.000105s ]
INFO: [ template_filter ] --END-- [ RunTime:0.000257s ]
INFO: Run Behavior\ParseTemplateBehavior [ RunTime:0.021750s ]
INFO: [ view_parse ] --END-- [ RunTime:0.021888s ]
INFO: [ view_filter ] --START--
INFO: Run Behavior\WriteHtmlCacheBehavior [ RunTime:0.001642s ]
INFO: [ view_filter ] --END-- [ RunTime:0.001793s ]

[ 2018-04-24T22:35:43+08:00 ] 122.206.190.18 /xcx/
INFO: [ app_init ] --START--
INFO: Run Behavior\BuildLiteBehavior [ RunTime:0.000028s ]
INFO: [ app_init ] --END-- [ RunTime:0.000447s ]
INFO: [ app_begin ] --START--
INFO: Run Behavior\ReadHtmlCacheBehavior [ RunTime:0.000685s ]
INFO: [ app_begin ] --END-- [ RunTime:0.000814s ]
NOTIC: [8192] mysql_connect(): The mysql extension is deprecated and will be removed in the future: use mysqli or PDO instead C:\wamp\www\ThinkPHP\Library\Think\Db\Driver\Mysql.class.php 第 52 行.
SQL: SHOW COLUMNS FROM `message` [ RunTime:0.001535s ]
SQL: SELECT Message.message_id AS message_id,Message.content AS content FROM message Message  [ RunTime:0.000301s ]

[ 2018-04-24T22:35:48+08:00 ] 122.206.190.18 /xcx/home/index/upload
INFO: [ app_init ] --START--
INFO: Run Behavior\BuildLiteBehavior [ RunTime:0.000028s ]
INFO: [ app_init ] --END-- [ RunTime:0.000521s ]
INFO: [ app_begin ] --START--
INFO: Run Behavior\ReadHtmlCacheBehavior [ RunTime:0.000599s ]
INFO: [ app_begin ] --END-- [ RunTime:0.000738s ]
NOTIC: [2] Illegal string offset 'name' C:\wamp\www\ThinkPHP\Library\Think\Upload.class.php 第 229 行.
NOTIC: [2] Illegal string offset 'key' C:\wamp\www\ThinkPHP\Library\Think\Upload.class.php 第 148 行.
NOTIC: [2] Illegal string offset 'tmp_name' C:\wamp\www\ThinkPHP\Library\Think\Upload.class.php 第 151 行.
NOTIC: [2] finfo_file(0): failed to open stream: No such file or directory C:\wamp\www\ThinkPHP\Library\Think\Upload.class.php 第 151 行.
NOTIC: [2] Illegal string offset 'type' C:\wamp\www\ThinkPHP\Library\Think\Upload.class.php 第 151 行.
NOTIC: [2] Illegal string offset 'name' C:\wamp\www\ThinkPHP\Library\Think\Upload.class.php 第 155 行.
NOTIC: [2] Illegal string offset 'ext' C:\wamp\www\ThinkPHP\Library\Think\Upload.class.php 第 155 行.
NOTIC: [2] Illegal string offset 'error' C:\wamp\www\ThinkPHP\Library\Think\Upload.class.php 第 268 行.
NOTIC: [2] Illegal string offset 'error' C:\wamp\www\ThinkPHP\Library\Think\Upload.class.php 第 269 行.
INFO: [ view_parse ] --START--
INFO: [ template_filter ] --START--
INFO: Run Behavior\ContentReplaceBehavior [ RunTime:0.000078s ]
INFO: [ template_filter ] --END-- [ RunTime:0.000269s ]
INFO: Run Behavior\ParseTemplateBehavior [ RunTime:0.007377s ]
INFO: [ view_parse ] --END-- [ RunTime:0.007531s ]
INFO: [ view_filter ] --START--
INFO: Run Behavior\WriteHtmlCacheBehavior [ RunTime:0.000368s ]
INFO: [ view_filter ] --END-- [ RunTime:0.000505s ]

[ 2018-04-24T22:36:45+08:00 ] 122.206.190.18 /xcx/home/index/upload
INFO: [ app_init ] --START--
INFO: Run Behavior\BuildLiteBehavior [ RunTime:0.000028s ]
INFO: [ app_init ] --END-- [ RunTime:0.000514s ]
INFO: [ app_begin ] --START--
INFO: Run Behavior\ReadHtmlCacheBehavior [ RunTime:0.000705s ]
INFO: [ app_begin ] --END-- [ RunTime:0.000857s ]
NOTIC: [2] call_user_func() expects parameter 1 to be a valid callback, no array or string given C:\wamp\www\ThinkPHP\Library\Think\Upload.class.php 第 169 行.
NOTIC: [8] Undefined index: file C:\wamp\www\xcx\Application\Home\Controller\IndexController.class.php 第 52 行.
NOTIC: [8] Undefined index: file C:\wamp\www\xcx\Application\Home\Controller\IndexController.class.php 第 52 行.
INFO: [ app_end ] --START--
INFO: Run Behavior\ShowPageTraceBehavior [ RunTime:0.019943s ]
INFO: [ app_end ] --END-- [ RunTime:0.020158s ]

[ 2018-04-24T22:36:45+08:00 ] 122.206.190.18 /xcx/home/index/upload
INFO: [ app_init ] --START--
INFO: Run Behavior\BuildLiteBehavior [ RunTime:0.000027s ]
INFO: [ app_init ] --END-- [ RunTime:0.000494s ]
INFO: [ app_begin ] --START--
INFO: Run Behavior\ReadHtmlCacheBehavior [ RunTime:0.000680s ]
INFO: [ app_begin ] --END-- [ RunTime:0.000821s ]
NOTIC: [2] call_user_func() expects parameter 1 to be a valid callback, no array or string given C:\wamp\www\ThinkPHP\Library\Think\Upload.class.php 第 169 行.
NOTIC: [8] Undefined index: file C:\wamp\www\xcx\Application\Home\Controller\IndexController.class.php 第 52 行.
NOTIC: [8] Undefined index: file C:\wamp\www\xcx\Application\Home\Controller\IndexController.class.php 第 52 行.
INFO: [ app_end ] --START--
INFO: Run Behavior\ShowPageTraceBehavior [ RunTime:0.020657s ]
INFO: [ app_end ] --END-- [ RunTime:0.020793s ]

[ 2018-04-24T22:40:09+08:00 ] 122.206.190.18 /xcx/
INFO: [ app_init ] --START--
INFO: Run Behavior\BuildLiteBehavior [ RunTime:0.000030s ]
INFO: [ app_init ] --END-- [ RunTime:0.000487s ]
INFO: [ app_begin ] --START--
INFO: Run Behavior\ReadHtmlCacheBehavior [ RunTime:0.000643s ]
INFO: [ app_begin ] --END-- [ RunTime:0.000774s ]
NOTIC: [8192] mysql_connect(): The mysql extension is deprecated and will be removed in the future: use mysqli or PDO instead C:\wamp\www\ThinkPHP\Library\Think\Db\Driver\Mysql.class.php 第 52 行.
SQL: SHOW COLUMNS FROM `message` [ RunTime:0.036936s ]
SQL: SELECT Message.message_id AS message_id,Message.content AS content FROM message Message  [ RunTime:0.000255s ]

[ 2018-04-24T22:40:23+08:00 ] 117.136.44.161 /xcx/
INFO: [ app_init ] --START--
INFO: Run Behavior\BuildLiteBehavior [ RunTime:0.000028s ]
INFO: [ app_init ] --END-- [ RunTime:0.000419s ]
INFO: [ app_begin ] --START--
INFO: Run Behavior\ReadHtmlCacheBehavior [ RunTime:0.000596s ]
INFO: [ app_begin ] --END-- [ RunTime:0.000744s ]
NOTIC: [8192] mysql_connect(): The mysql extension is deprecated and will be removed in the future: use mysqli or PDO instead C:\wamp\www\ThinkPHP\Library\Think\Db\Driver\Mysql.class.php 第 52 行.
SQL: SHOW COLUMNS FROM `message` [ RunTime:0.019597s ]
SQL: SELECT Message.message_id AS message_id,Message.content AS content FROM message Message  [ RunTime:0.000274s ]

[ 2018-04-24T22:40:29+08:00 ] 117.136.44.161 /xcx/
INFO: [ app_init ] --START--
INFO: Run Behavior\BuildLiteBehavior [ RunTime:0.000027s ]
INFO: [ app_init ] --END-- [ RunTime:0.000459s ]
INFO: [ app_begin ] --START--
INFO: Run Behavior\ReadHtmlCacheBehavior [ RunTime:0.000528s ]
INFO: [ app_begin ] --END-- [ RunTime:0.000660s ]
NOTIC: [8192] mysql_connect(): The mysql extension is deprecated and will be removed in the future: use mysqli or PDO instead C:\wamp\www\ThinkPHP\Library\Think\Db\Driver\Mysql.class.php 第 52 行.
SQL: SHOW COLUMNS FROM `message` [ RunTime:0.001445s ]
SQL: SELECT Message.message_id AS message_id,Message.content AS content FROM message Message  [ RunTime:0.000256s ]

[ 2018-04-24T22:40:29+08:00 ] 117.136.44.161 /xcx/
INFO: [ app_init ] --START--
INFO: Run Behavior\BuildLiteBehavior [ RunTime:0.000044s ]
INFO: [ app_init ] --END-- [ RunTime:0.000533s ]
INFO: [ app_begin ] --START--
INFO: Run Behavior\ReadHtmlCacheBehavior [ RunTime:0.000594s ]
INFO: [ app_begin ] --END-- [ RunTime:0.000730s ]
NOTIC: [8192] mysql_connect(): The mysql extension is deprecated and will be removed in the future: use mysqli or PDO instead C:\wamp\www\ThinkPHP\Library\Think\Db\Driver\Mysql.class.php 第 52 行.
SQL: SHOW COLUMNS FROM `message` [ RunTime:0.001572s ]
SQL: SELECT Message.message_id AS message_id,Message.content AS content FROM message Message  [ RunTime:0.000230s ]

[ 2018-04-24T22:40:41+08:00 ] 117.136.44.161 /xcx/home/index/update
INFO: [ app_init ] --START--
INFO: Run Behavior\BuildLiteBehavior [ RunTime:0.000027s ]
INFO: [ app_init ] --END-- [ RunTime:0.000399s ]
INFO: [ app_begin ] --START--
INFO: Run Behavior\ReadHtmlCacheBehavior [ RunTime:0.000423s ]
INFO: [ app_begin ] --END-- [ RunTime:0.000555s ]
NOTIC: [8192] mysql_connect(): The mysql extension is deprecated and will be removed in the future: use mysqli or PDO instead C:\wamp\www\ThinkPHP\Library\Think\Db\Driver\Mysql.class.php 第 52 行.
SQL: SHOW COLUMNS FROM `message` [ RunTime:0.002223s ]
SQL: INSERT INTO `message` (`message_id`,`content`) VALUES ('455454','12:03') [ RunTime:0.104721s ]
INFO: [ app_end ] --START--
INFO: Run Behavior\ShowPageTraceBehavior [ RunTime:0.000738s ]
INFO: [ app_end ] --END-- [ RunTime:0.000868s ]

[ 2018-04-24T22:40:47+08:00 ] 117.136.44.161 /xcx/
INFO: [ app_init ] --START--
INFO: Run Behavior\BuildLiteBehavior [ RunTime:0.000026s ]
INFO: [ app_init ] --END-- [ RunTime:0.000436s ]
INFO: [ app_begin ] --START--
INFO: Run Behavior\ReadHtmlCacheBehavior [ RunTime:0.001357s ]
INFO: [ app_begin ] --END-- [ RunTime:0.001490s ]
NOTIC: [8192] mysql_connect(): The mysql extension is deprecated and will be removed in the future: use mysqli or PDO instead C:\wamp\www\ThinkPHP\Library\Think\Db\Driver\Mysql.class.php 第 52 行.
SQL: SHOW COLUMNS FROM `message` [ RunTime:0.001502s ]
SQL: SELECT Message.message_id AS message_id,Message.content AS content FROM message Message  [ RunTime:0.000292s ]

[ 2018-04-24T22:41:48+08:00 ] 117.136.44.161 /xcx/home/index/upload
INFO: [ app_init ] --START--
INFO: Run Behavior\BuildLiteBehavior [ RunTime:0.000060s ]
INFO: [ app_init ] --END-- [ RunTime:0.000450s ]
INFO: [ app_begin ] --START--
INFO: Run Behavior\ReadHtmlCacheBehavior [ RunTime:0.000447s ]
INFO: [ app_begin ] --END-- [ RunTime:0.000600s ]
NOTIC: [2] call_user_func() expects parameter 1 to be a valid callback, no array or string given C:\wamp\www\ThinkPHP\Library\Think\Upload.class.php 第 169 行.
NOTIC: [8] Undefined index: file C:\wamp\www\xcx\Application\Home\Controller\IndexController.class.php 第 52 行.
NOTIC: [8] Undefined index: file C:\wamp\www\xcx\Application\Home\Controller\IndexController.class.php 第 52 行.
INFO: [ app_end ] --START--
INFO: Run Behavior\ShowPageTraceBehavior [ RunTime:0.000733s ]
INFO: [ app_end ] --END-- [ RunTime:0.000866s ]

[ 2018-04-24T22:44:28+08:00 ] 117.136.44.161 /xcx/home/index/upload
INFO: [ app_init ] --START--
INFO: Run Behavior\BuildLiteBehavior [ RunTime:0.000028s ]
INFO: [ app_init ] --END-- [ RunTime:0.000459s ]
INFO: [ app_begin ] --START--
INFO: Run Behavior\ReadHtmlCacheBehavior [ RunTime:0.000636s ]
INFO: [ app_begin ] --END-- [ RunTime:0.000769s ]
NOTIC: [2] call_user_func() expects parameter 1 to be a valid callback, no array or string given C:\wamp\www\ThinkPHP\Library\Think\Upload.class.php 第 169 行.
NOTIC: [8] Undefined index: file C:\wamp\www\xcx\Application\Home\Controller\IndexController.class.php 第 52 行.
NOTIC: [8] Undefined index: file C:\wamp\www\xcx\Application\Home\Controller\IndexController.class.php 第 52 行.
INFO: [ app_end ] --START--
INFO: Run Behavior\ShowPageTraceBehavior [ RunTime:0.000570s ]
INFO: [ app_end ] --END-- [ RunTime:0.000733s ]

